24-02-20 17:57:51 [DEBUG] Initializing Chrome WebDriver
24-02-20 17:57:52 [INFO] Try to Login Through WebGUI
24-02-20 17:58:03 [WARNING] ---------------------------------------------------------------------------------------------------
24-02-20 17:58:03 [WARNING]                               Execution Iteration 0                                        
24-02-20 17:58:03 [WARNING] ---------------------------------------------------------------------------------------------------
24-02-20 17:58:03 [DEBUG] ======================================================================================
24-02-20 17:58:03 [INFO] Validating multiple factory reset
24-02-20 17:58:03 [INFO] Try to Login Through WebGUI
24-02-20 17:58:13 [INFO] Performing health check
24-02-20 17:58:13 [DEBUG] Retrieving Firmware Version.....
24-02-20 17:58:13 [DEBUG] Searching for the Keyword: 'WAN Information'
24-02-20 17:58:15 [DEBUG] Found and Clicked on the Result Containing 'WAN Information'
24-02-20 17:58:21 [INFO] Current firmware version: ARCNJIO_JIDU6101_D1.9.0
24-02-20 17:58:21 [DEBUG] Getting WAN IPv6 Information
24-02-20 17:58:21 [DEBUG] Searching for the Keyword: 'WAN Information'
24-02-20 17:58:22 [DEBUG] Found and Clicked on the Result Containing 'WAN Information'
24-02-20 17:58:28 [INFO] Successfully retrieved WAN IPv6 address: 2409:4090:17:1000:cf56:c63:de5c:c84d, 2409:4090:17:1208::/64
24-02-20 17:58:28 [DEBUG] Checking Ping 4 to google.com
24-02-20 17:58:48 [DEBUG]     Packets: Sent = 20, Received = 20, Lost = 0 (0% loss),
24-02-20 17:58:48 [INFO] Ping 4 Passed
24-02-20 17:58:48 [DEBUG] Checking Ping 6 to google.com
24-02-20 17:59:07 [DEBUG]     Packets: Sent = 20, Received = 20, Lost = 0 (0% loss),
24-02-20 17:59:07 [INFO] Ping 6 Passed
24-02-20 17:59:07 [INFO] Device health check completed successfully.
24-02-20 17:59:07 [DEBUG] -------------1th Factory Reset---------------------
24-02-20 17:59:07 [INFO] Initiating device factory defaults
24-02-20 17:59:07 [DEBUG] Searching for the Keyword: 'Factory Defaults / Reboot'
24-02-20 17:59:08 [DEBUG] Found and Clicked on the Result Containing 'Factory Defaults / Reboot'
24-02-20 17:59:18 [DEBUG] Wait for the reset process to complete : 200s
24-02-20 18:02:38 [INFO] Try to Login Through WebGUI
24-02-20 18:03:02 [INFO] Performing health check
24-02-20 18:03:02 [DEBUG] Retrieving Firmware Version.....
24-02-20 18:03:02 [DEBUG] Searching for the Keyword: 'WAN Information'
24-02-20 18:03:18 [ERROR] Error Occurred While Searching for the Keyword: 'WAN Information': Message: Element not found within the specified timeout

24-02-20 18:03:35 [ERROR] An error occurred while fetching Firmware Version: Message: Element not found within the specified timeout

24-02-20 18:03:35 [ERROR] Device is not having latest firmware version
24-02-20 18:03:35 [DEBUG] Getting WAN IPv6 Information
24-02-20 18:03:35 [DEBUG] Searching for the Keyword: 'WAN Information'
24-02-20 18:03:51 [ERROR] Error Occurred While Searching for the Keyword: 'WAN Information': Message: Element not found within the specified timeout

24-02-20 18:04:08 [ERROR] WAN IPv6 address element not found on the page
24-02-20 18:04:08 [ERROR] Failed to retrieve IPv6 information.
24-02-20 18:04:08 [DEBUG] Checking Ping 4 to google.com
24-02-20 18:04:27 [DEBUG]     Packets: Sent = 20, Received = 20, Lost = 0 (0% loss),
24-02-20 18:04:27 [INFO] Ping 4 Passed
24-02-20 18:04:27 [DEBUG] Checking Ping 6 to google.com
24-02-20 18:04:46 [DEBUG]     Packets: Sent = 20, Received = 20, Lost = 0 (0% loss),
24-02-20 18:04:46 [INFO] Ping 6 Passed
24-02-20 18:04:46 [ERROR] Device health check completed with 2 issue(s)
24-02-20 18:04:46 [ERROR] Device health check failed. Exiting the test.
24-02-20 18:04:46 [ERROR] Error occurred after 1th factory reset iteration
24-02-20 18:04:46 [WARNING] Initiating DBG log collection after encountering an issue
24-02-20 18:04:46 [WARNING] DBG log collected at: 2024-02-20 18:04:46.589708
24-02-20 18:05:16 [DEBUG] ======================================================================================
24-02-20 18:05:16 [INFO] Validating multiple reboot
24-02-20 18:05:16 [INFO] Try to Login Through WebGUI
24-02-20 18:05:40 [INFO] Performing health check
24-02-20 18:05:40 [DEBUG] Retrieving Firmware Version.....
24-02-20 18:05:40 [DEBUG] Searching for the Keyword: 'WAN Information'
24-02-20 18:05:56 [ERROR] Error Occurred While Searching for the Keyword: 'WAN Information': Message: Element not found within the specified timeout

24-02-20 18:06:13 [ERROR] An error occurred while fetching Firmware Version: Message: Element not found within the specified timeout

24-02-20 18:06:13 [ERROR] Device is not having latest firmware version
24-02-20 18:06:13 [DEBUG] Getting WAN IPv6 Information
24-02-20 18:06:13 [DEBUG] Searching for the Keyword: 'WAN Information'
24-02-20 18:06:30 [ERROR] Error Occurred While Searching for the Keyword: 'WAN Information': Message: Element not found within the specified timeout

24-02-20 18:06:46 [ERROR] WAN IPv6 address element not found on the page
24-02-20 18:06:46 [ERROR] Failed to retrieve IPv6 information.
24-02-20 18:06:46 [DEBUG] Checking Ping 4 to google.com
24-02-20 18:07:05 [DEBUG]     Packets: Sent = 20, Received = 20, Lost = 0 (0% loss),
24-02-20 18:07:05 [INFO] Ping 4 Passed
24-02-20 18:07:05 [DEBUG] Checking Ping 6 to google.com
24-02-20 18:07:24 [DEBUG]     Packets: Sent = 20, Received = 20, Lost = 0 (0% loss),
24-02-20 18:07:24 [INFO] Ping 6 Passed
24-02-20 18:07:24 [ERROR] Device health check completed with 2 issue(s)
24-02-20 18:07:24 [ERROR] Device health check failed. Exiting the test.
24-02-20 18:07:24 [DEBUG] ======================================================================================
24-02-20 18:07:24 [DEBUG] Validating MAC Address after Reboot and Reset
24-02-20 18:07:24 [INFO] Try to Login Through WebGUI
24-02-20 18:07:48 [INFO] Performing health check
24-02-20 18:07:48 [DEBUG] Retrieving Firmware Version.....
24-02-20 18:07:48 [DEBUG] Searching for the Keyword: 'WAN Information'
24-02-20 18:08:05 [ERROR] Error Occurred While Searching for the Keyword: 'WAN Information': Message: Element not found within the specified timeout

24-02-20 18:08:21 [ERROR] An error occurred while fetching Firmware Version: Message: Element not found within the specified timeout

24-02-20 18:08:21 [ERROR] Device is not having latest firmware version
24-02-20 18:08:21 [DEBUG] Getting WAN IPv6 Information
24-02-20 18:08:21 [DEBUG] Searching for the Keyword: 'WAN Information'
24-02-20 18:08:38 [ERROR] Error Occurred While Searching for the Keyword: 'WAN Information': Message: Element not found within the specified timeout

24-02-20 18:08:54 [ERROR] WAN IPv6 address element not found on the page
24-02-20 18:08:54 [ERROR] Failed to retrieve IPv6 information.
24-02-20 18:08:54 [DEBUG] Checking Ping 4 to google.com
24-02-20 18:09:14 [DEBUG]     Packets: Sent = 20, Received = 20, Lost = 0 (0% loss),
24-02-20 18:09:14 [INFO] Ping 4 Passed
24-02-20 18:09:14 [DEBUG] Checking Ping 6 to google.com
24-02-20 18:09:33 [DEBUG]     Packets: Sent = 20, Received = 20, Lost = 0 (0% loss),
24-02-20 18:09:33 [INFO] Ping 6 Passed
24-02-20 18:09:33 [ERROR] Device health check completed with 2 issue(s)
24-02-20 18:09:33 [ERROR] Device health check failed. Exiting the test.
24-02-20 18:09:33 [DEBUG] ======================================================================================
24-02-20 18:09:33 [INFO] Validating 'Logout' button functionality in WebGUI
24-02-20 18:09:33 [INFO] Try to Login Through WebGUI
24-02-20 18:09:57 [INFO] Performing health check
24-02-20 18:09:57 [DEBUG] Retrieving Firmware Version.....
24-02-20 18:09:57 [DEBUG] Searching for the Keyword: 'WAN Information'
24-02-20 18:10:13 [ERROR] Error Occurred While Searching for the Keyword: 'WAN Information': Message: Element not found within the specified timeout

24-02-20 18:10:30 [ERROR] An error occurred while fetching Firmware Version: Message: Element not found within the specified timeout

24-02-20 18:10:30 [ERROR] Device is not having latest firmware version
24-02-20 18:10:30 [DEBUG] Getting WAN IPv6 Information
24-02-20 18:10:30 [DEBUG] Searching for the Keyword: 'WAN Information'
24-02-20 18:10:46 [ERROR] Error Occurred While Searching for the Keyword: 'WAN Information': Message: Element not found within the specified timeout

24-02-20 18:11:03 [ERROR] WAN IPv6 address element not found on the page
24-02-20 18:11:03 [ERROR] Failed to retrieve IPv6 information.
24-02-20 18:11:03 [DEBUG] Checking Ping 4 to google.com
24-02-20 18:11:22 [DEBUG]     Packets: Sent = 20, Received = 20, Lost = 0 (0% loss),
24-02-20 18:11:22 [INFO] Ping 4 Passed
24-02-20 18:11:22 [DEBUG] Checking Ping 6 to google.com
24-02-20 18:11:41 [DEBUG]     Packets: Sent = 20, Received = 20, Lost = 0 (0% loss),
24-02-20 18:11:41 [INFO] Ping 6 Passed
24-02-20 18:11:41 [ERROR] Device health check completed with 2 issue(s)
24-02-20 18:11:41 [ERROR] Device health check failed. Exiting the test.
24-02-20 18:11:41 [DEBUG] ======================================================================================
24-02-20 18:11:41 [INFO] Validate date/time functionality in IDU
24-02-20 18:11:41 [INFO] Try to Login Through WebGUI
24-02-20 18:12:05 [INFO] Performing health check
24-02-20 18:12:05 [DEBUG] Retrieving Firmware Version.....
24-02-20 18:12:05 [DEBUG] Searching for the Keyword: 'WAN Information'
24-02-20 18:12:21 [ERROR] Error Occurred While Searching for the Keyword: 'WAN Information': Message: Element not found within the specified timeout

24-02-20 18:12:38 [ERROR] An error occurred while fetching Firmware Version: Message: Element not found within the specified timeout

24-02-20 18:12:38 [ERROR] Device is not having latest firmware version
24-02-20 18:12:38 [DEBUG] Getting WAN IPv6 Information
24-02-20 18:12:38 [DEBUG] Searching for the Keyword: 'WAN Information'
24-02-20 18:12:55 [ERROR] Error Occurred While Searching for the Keyword: 'WAN Information': Message: Element not found within the specified timeout

24-02-20 18:13:11 [ERROR] WAN IPv6 address element not found on the page
24-02-20 18:13:11 [ERROR] Failed to retrieve IPv6 information.
24-02-20 18:13:11 [DEBUG] Checking Ping 4 to google.com
24-02-20 18:13:30 [DEBUG]     Packets: Sent = 20, Received = 20, Lost = 0 (0% loss),
24-02-20 18:13:30 [INFO] Ping 4 Passed
24-02-20 18:13:30 [DEBUG] Checking Ping 6 to google.com
24-02-20 18:13:49 [DEBUG]     Packets: Sent = 20, Received = 20, Lost = 0 (0% loss),
24-02-20 18:13:49 [INFO] Ping 6 Passed
24-02-20 18:13:49 [ERROR] Device health check completed with 2 issue(s)
24-02-20 18:13:49 [ERROR] Device health check failed. Exiting the test.
24-02-20 18:13:49 [WARNING] Initiating DBG log collection after encountering an issue
24-02-20 18:13:50 [WARNING] DBG log collected at: 2024-02-20 18:13:50.129427
24-02-20 18:14:20 [DEBUG] ======================================================================================
24-02-20 18:14:20 [INFO] Validating Firmware Upgrade and Downgrade functionality
24-02-20 18:14:20 [INFO] Try to Login Through WebGUI
24-02-20 18:14:44 [INFO] Performing health check
24-02-20 18:14:44 [DEBUG] Retrieving Firmware Version.....
24-02-20 18:14:44 [DEBUG] Searching for the Keyword: 'WAN Information'
24-02-20 18:15:00 [ERROR] Error Occurred While Searching for the Keyword: 'WAN Information': Message: Element not found within the specified timeout

24-02-20 18:15:17 [ERROR] An error occurred while fetching Firmware Version: Message: Element not found within the specified timeout

24-02-20 18:15:17 [ERROR] Device is not having latest firmware version
24-02-20 18:15:17 [DEBUG] Getting WAN IPv6 Information
24-02-20 18:15:17 [DEBUG] Searching for the Keyword: 'WAN Information'
24-02-20 18:15:33 [ERROR] Error Occurred While Searching for the Keyword: 'WAN Information': Message: Element not found within the specified timeout

24-02-20 18:15:50 [ERROR] WAN IPv6 address element not found on the page
24-02-20 18:15:50 [ERROR] Failed to retrieve IPv6 information.
24-02-20 18:15:50 [DEBUG] Checking Ping 4 to google.com
24-02-20 18:16:09 [DEBUG]     Packets: Sent = 20, Received = 20, Lost = 0 (0% loss),
24-02-20 18:16:09 [INFO] Ping 4 Passed
24-02-20 18:16:09 [DEBUG] Checking Ping 6 to google.com
24-02-20 18:16:28 [DEBUG]     Packets: Sent = 20, Received = 20, Lost = 0 (0% loss),
24-02-20 18:16:28 [INFO] Ping 6 Passed
24-02-20 18:16:28 [ERROR] Device health check completed with 2 issue(s)
24-02-20 18:16:28 [ERROR] Device health check failed. Exiting the test.
24-02-20 18:16:28 [WARNING] Initiating DBG log collection after encountering an issue
24-02-20 18:16:28 [WARNING] DBG log collected at: 2024-02-20 18:16:28.618809
24-02-20 18:16:58 [DEBUG] ======================================================================================
24-02-20 18:16:58 [INFO] Validate administration user password management functionality
24-02-20 18:16:58 [INFO] Try to Login Through WebGUI
24-02-20 18:17:22 [INFO] Performing health check
24-02-20 18:17:22 [DEBUG] Retrieving Firmware Version.....
24-02-20 18:17:22 [DEBUG] Searching for the Keyword: 'WAN Information'
24-02-20 18:17:39 [ERROR] Error Occurred While Searching for the Keyword: 'WAN Information': Message: Element not found within the specified timeout

24-02-20 18:17:55 [ERROR] An error occurred while fetching Firmware Version: Message: Element not found within the specified timeout

24-02-20 18:17:55 [ERROR] Device is not having latest firmware version
24-02-20 18:17:55 [DEBUG] Getting WAN IPv6 Information
24-02-20 18:17:55 [DEBUG] Searching for the Keyword: 'WAN Information'
24-02-20 18:18:12 [ERROR] Error Occurred While Searching for the Keyword: 'WAN Information': Message: Element not found within the specified timeout

24-02-20 18:18:28 [ERROR] WAN IPv6 address element not found on the page
24-02-20 18:18:28 [ERROR] Failed to retrieve IPv6 information.
24-02-20 18:18:28 [DEBUG] Checking Ping 4 to google.com
24-02-20 18:18:47 [DEBUG]     Packets: Sent = 20, Received = 20, Lost = 0 (0% loss),
24-02-20 18:18:47 [INFO] Ping 4 Passed
24-02-20 18:18:47 [DEBUG] Checking Ping 6 to google.com
24-02-20 18:19:06 [DEBUG]     Packets: Sent = 20, Received = 20, Lost = 0 (0% loss),
24-02-20 18:19:06 [INFO] Ping 6 Passed
24-02-20 18:19:06 [ERROR] Device health check completed with 2 issue(s)
24-02-20 18:19:06 [ERROR] Device health check failed. Exiting the test.
24-02-20 18:19:06 [WARNING] Initiating DBG log collection after encountering an issue
24-02-20 18:19:07 [WARNING] DBG log collected at: 2024-02-20 18:19:07.124778
24-02-20 18:19:37 [DEBUG] ======================================================================================
24-02-20 18:19:37 [INFO] Validate Guest user password management functionality
24-02-20 18:19:37 [INFO] Try to Login Through WebGUI
24-02-20 18:20:00 [INFO] Performing health check
24-02-20 18:20:00 [DEBUG] Retrieving Firmware Version.....
24-02-20 18:20:00 [DEBUG] Searching for the Keyword: 'WAN Information'
24-02-20 18:20:17 [ERROR] Error Occurred While Searching for the Keyword: 'WAN Information': Message: Element not found within the specified timeout

24-02-20 18:20:34 [ERROR] An error occurred while fetching Firmware Version: Message: Element not found within the specified timeout

24-02-20 18:20:34 [ERROR] Device is not having latest firmware version
24-02-20 18:20:34 [DEBUG] Getting WAN IPv6 Information
24-02-20 18:20:34 [DEBUG] Searching for the Keyword: 'WAN Information'
24-02-20 18:20:50 [ERROR] Error Occurred While Searching for the Keyword: 'WAN Information': Message: Element not found within the specified timeout

24-02-20 18:21:07 [ERROR] WAN IPv6 address element not found on the page
24-02-20 18:21:07 [ERROR] Failed to retrieve IPv6 information.
24-02-20 18:21:07 [DEBUG] Checking Ping 4 to google.com
24-02-20 18:21:26 [DEBUG]     Packets: Sent = 20, Received = 20, Lost = 0 (0% loss),
24-02-20 18:21:26 [INFO] Ping 4 Passed
24-02-20 18:21:26 [DEBUG] Checking Ping 6 to google.com
24-02-20 18:21:45 [DEBUG]     Packets: Sent = 20, Received = 20, Lost = 0 (0% loss),
24-02-20 18:21:45 [INFO] Ping 6 Passed
24-02-20 18:21:45 [ERROR] Device health check completed with 2 issue(s)
24-02-20 18:21:45 [ERROR] Device health check failed. Exiting the test.
24-02-20 18:21:45 [WARNING] Initiating DBG log collection after encountering an issue
24-02-20 18:21:45 [WARNING] DBG log collected at: 2024-02-20 18:21:45.666536
