24-03-01 10:56:36 [DEBUG] Initializing Chrome WebDriver
24-03-01 10:56:39 [WARNING] ---------------------------------------------------------------------------------------------------
24-03-01 10:56:39 [WARNING]                               Execution Iteration 0                                        
24-03-01 10:56:39 [WARNING] ---------------------------------------------------------------------------------------------------
24-03-01 10:56:39 [DEBUG] ======================================================================================
24-03-01 10:56:39 [DEBUG] Validating MAC Address after Reboot and Reset
24-03-01 10:56:39 [DEBUG] Attempting to login through WebGUI
24-03-01 10:56:48 [ERROR] Error Occurred While Login Through WebGUI: 'NoneType' object has no attribute 'is_displayed'
24-03-01 10:56:48 [DEBUG] Performing health check
24-03-01 10:56:48 [DEBUG] Retrieving Firmware Version.....
24-03-01 10:56:48 [DEBUG] Searching for the keyword: 'WAN Information'
24-03-01 10:56:49 [ERROR] Error occurred while searching for the keyword: 'WAN Information': Message: no such window: target window already closed
from unknown error: web view not found
  (Session info: chrome=121.0.6167.189)
Stacktrace:
	GetHandleVerifier [0x00BA1673+52979]
	(No symbol) [0x00B27961]
	(No symbol) [0x00A0DD3D]
	(No symbol) [0x009F239A]
	(No symbol) [0x00A6A71B]
	(No symbol) [0x00A7ACB6]
	(No symbol) [0x00A64286]
	(No symbol) [0x00A3C063]
	(No symbol) [0x00A3CECD]
	GetHandleVerifier [0x00EB8D83+3294723]
	GetHandleVerifier [0x00EF6CC2+3548482]
	GetHandleVerifier [0x00EF1C9C+3527964]
	GetHandleVerifier [0x00C3870E+671630]
	(No symbol) [0x00B31EB4]
	(No symbol) [0x00B2D808]
	(No symbol) [0x00B2D92D]
	(No symbol) [0x00B1F7E0]
	BaseThreadInitThunk [0x76B6FCC9+25]
	RtlGetAppContainerNamedObjectPath [0x77467C5E+286]
	RtlGetAppContainerNamedObjectPath [0x77467C2E+238]

24-03-01 10:56:50 [ERROR] An error occurred while fetching Firmware Version: Message: no such window: target window already closed
from unknown error: web view not found
  (Session info: chrome=121.0.6167.189)
Stacktrace:
	GetHandleVerifier [0x00BA1673+52979]
	(No symbol) [0x00B27961]
	(No symbol) [0x00A0DD3D]
	(No symbol) [0x009F239A]
	(No symbol) [0x00A6A71B]
	(No symbol) [0x00A7ACB6]
	(No symbol) [0x00A64286]
	(No symbol) [0x00A3C063]
	(No symbol) [0x00A3CECD]
	GetHandleVerifier [0x00EB8D83+3294723]
	GetHandleVerifier [0x00EF6CC2+3548482]
	GetHandleVerifier [0x00EF1C9C+3527964]
	GetHandleVerifier [0x00C3870E+671630]
	(No symbol) [0x00B31EB4]
	(No symbol) [0x00B2D808]
	(No symbol) [0x00B2D92D]
	(No symbol) [0x00B1F7E0]
	BaseThreadInitThunk [0x76B6FCC9+25]
	RtlGetAppContainerNamedObjectPath [0x77467C5E+286]
	RtlGetAppContainerNamedObjectPath [0x77467C2E+238]

24-03-01 10:56:50 [ERROR] Device is not having latest firmware version
24-03-01 10:56:50 [DEBUG] Getting WAN IPv6 Information
24-03-01 10:56:50 [DEBUG] Searching for the keyword: 'WAN Information'
24-03-01 10:56:51 [ERROR] Error occurred while searching for the keyword: 'WAN Information': Message: no such window: target window already closed
from unknown error: web view not found
  (Session info: chrome=121.0.6167.189)
Stacktrace:
	GetHandleVerifier [0x00BA1673+52979]
	(No symbol) [0x00B27961]
	(No symbol) [0x00A0DD3D]
	(No symbol) [0x009F239A]
	(No symbol) [0x00A6A71B]
	(No symbol) [0x00A7ACB6]
	(No symbol) [0x00A64286]
	(No symbol) [0x00A3C063]
	(No symbol) [0x00A3CECD]
	GetHandleVerifier [0x00EB8D83+3294723]
	GetHandleVerifier [0x00EF6CC2+3548482]
	GetHandleVerifier [0x00EF1C9C+3527964]
	GetHandleVerifier [0x00C3870E+671630]
	(No symbol) [0x00B31EB4]
	(No symbol) [0x00B2D808]
	(No symbol) [0x00B2D92D]
	(No symbol) [0x00B1F7E0]
	BaseThreadInitThunk [0x76B6FCC9+25]
	RtlGetAppContainerNamedObjectPath [0x77467C5E+286]
	RtlGetAppContainerNamedObjectPath [0x77467C2E+238]

24-03-01 10:56:52 [ERROR] An error occurred while fetching WAN IPv6 info: Message: no such window: target window already closed
from unknown error: web view not found
  (Session info: chrome=121.0.6167.189)
Stacktrace:
	GetHandleVerifier [0x00BA1673+52979]
	(No symbol) [0x00B27961]
	(No symbol) [0x00A0DD3D]
	(No symbol) [0x009F239A]
	(No symbol) [0x00A6A71B]
	(No symbol) [0x00A7ACB6]
	(No symbol) [0x00A64286]
	(No symbol) [0x00A3C063]
	(No symbol) [0x00A3CECD]
	GetHandleVerifier [0x00EB8D83+3294723]
	GetHandleVerifier [0x00EF6CC2+3548482]
	GetHandleVerifier [0x00EF1C9C+3527964]
	GetHandleVerifier [0x00C3870E+671630]
	(No symbol) [0x00B31EB4]
	(No symbol) [0x00B2D808]
	(No symbol) [0x00B2D92D]
	(No symbol) [0x00B1F7E0]
	BaseThreadInitThunk [0x76B6FCC9+25]
	RtlGetAppContainerNamedObjectPath [0x77467C5E+286]
	RtlGetAppContainerNamedObjectPath [0x77467C2E+238]

24-03-01 10:56:52 [ERROR] Failed to retrieve IPv6 information.
24-03-01 10:56:52 [DEBUG] Checking Ping 4 to google.com
