24-02-19 15:44:43 [DEBUG] Initializing Chrome WebDriver
24-02-19 15:44:44 [INFO] Try to Login Through WebGUI
24-02-19 15:45:31 [DEBUG] ======================================================================================
24-02-19 15:45:31 [INFO] Validate administration user password management functionality
24-02-19 15:45:31 [INFO] Try to Login Through WebGUI
24-02-19 15:46:13 [ERROR] Error Occurred While Login Through WebGUI: catching classes that do not inherit from BaseException is not allowed
24-02-19 15:46:13 [INFO] Performing health check
24-02-19 15:46:13 [DEBUG] Retrieving Firmware Version.....
24-02-19 15:46:13 [DEBUG] Searching for the Keyword: 'WAN Information'
24-02-19 15:46:15 [DEBUG] Found and Clicked on the Result Containing 'WAN Information'
24-02-19 15:46:21 [INFO] Current firmware version: ARCNJIO_JIDU6101_D1.9.0
24-02-19 15:46:21 [DEBUG] Getting WAN IPv6 Information
24-02-19 15:46:21 [DEBUG] Searching for the Keyword: 'WAN Information'
24-02-19 15:46:22 [DEBUG] Found and Clicked on the Result Containing 'WAN Information'
24-02-19 15:46:28 [INFO] Successfully retrieved WAN IPv6 address: 2409:4090:17:1000:cf56:c63:de5c:c84d, 2409:4090:17:1208::/64
24-02-19 15:46:28 [DEBUG] Checking Ping 4 to google.com
24-02-19 15:46:48 [DEBUG]     Packets: Sent = 20, Received = 20, Lost = 0 (0% loss),
24-02-19 15:46:48 [INFO] Ping 4 Passed
24-02-19 15:46:48 [DEBUG] Checking Ping 6 to google.com
24-02-19 15:47:07 [DEBUG]     Packets: Sent = 20, Received = 20, Lost = 0 (0% loss),
24-02-19 15:47:07 [INFO] Ping 6 Passed
24-02-19 15:47:07 [INFO] Device health check completed successfully.
24-02-19 15:47:07 [DEBUG] Searching for the Keyword: 'User Management'
24-02-19 15:47:08 [DEBUG] Found and Clicked on the Result Containing 'User Management'
24-02-19 15:47:48 [INFO] Password has chnaged Succefully to 'PR@snt23' and device is logged out
24-02-19 15:47:48 [DEBUG] Try to login whith new passpwword
24-02-19 15:48:06 [DEBUG] Revert back the password with its orignal 
24-02-19 15:48:06 [DEBUG] Searching for the Keyword: 'User Management'
24-02-19 15:48:08 [DEBUG] Found and Clicked on the Result Containing 'User Management'
24-02-19 15:48:47 [ERROR] Administration user password management functionality is NOT working as expected
