24-02-19 15:40:08 [DEBUG] Initializing Chrome WebDriver
24-02-19 15:40:09 [INFO] Try to Login Through WebGUI
24-02-19 15:40:55 [DEBUG] ======================================================================================
24-02-19 15:40:55 [INFO] Validate administration user password management functionality
24-02-19 15:40:55 [INFO] Try to Login Through WebGUI
24-02-19 15:41:38 [ERROR] Error Occurred While Login Through WebGUI: catching classes that do not inherit from BaseException is not allowed
24-02-19 15:41:38 [INFO] Performing health check
24-02-19 15:41:38 [DEBUG] Retrieving Firmware Version.....
24-02-19 15:41:38 [DEBUG] Searching for the Keyword: 'WAN Information'
24-02-19 15:41:39 [DEBUG] Found and Clicked on the Result Containing 'WAN Information'
24-02-19 15:41:45 [INFO] Current firmware version: ARCNJIO_JIDU6101_D1.9.0
24-02-19 15:41:45 [DEBUG] Getting WAN IPv6 Information
24-02-19 15:41:45 [DEBUG] Searching for the Keyword: 'WAN Information'
24-02-19 15:41:47 [DEBUG] Found and Clicked on the Result Containing 'WAN Information'
24-02-19 15:41:53 [INFO] Successfully retrieved WAN IPv6 address: 2409:4090:17:1000:cf56:c63:de5c:c84d, 2409:4090:17:1208::/64
24-02-19 15:41:53 [DEBUG] Checking Ping 4 to google.com
24-02-19 15:42:12 [DEBUG]     Packets: Sent = 20, Received = 20, Lost = 0 (0% loss),
24-02-19 15:42:12 [INFO] Ping 4 Passed
24-02-19 15:42:12 [DEBUG] Checking Ping 6 to google.com
24-02-19 15:42:31 [DEBUG]     Packets: Sent = 20, Received = 20, Lost = 0 (0% loss),
24-02-19 15:42:31 [INFO] Ping 6 Passed
24-02-19 15:42:31 [INFO] Device health check completed successfully.
24-02-19 15:42:31 [DEBUG] Searching for the Keyword: 'User Management'
24-02-19 15:42:33 [DEBUG] Found and Clicked on the Result Containing 'User Management'
24-02-19 15:43:12 [INFO] Password has chnaged Succefully to 'PR@snt23' and device is logged out
24-02-19 15:43:12 [DEBUG] Try to login whith new passpwword
24-02-19 15:43:31 [DEBUG] Revert back the password with its orignal 
24-02-19 15:43:31 [DEBUG] Searching for the Keyword: 'User Management'
24-02-19 15:43:32 [DEBUG] Found and Clicked on the Result Containing 'User Management'
24-02-19 15:44:12 [ERROR] Administration user password management functionality is NOT working as expected
