24-02-26 12:08:59 [DEBUG] Initializing Chrome WebDriver
24-02-26 12:09:00 [INFO] Try to Login Through WebGUI
24-02-26 12:09:27 [DEBUG] ======================================================================================
24-02-26 12:09:27 [INFO] Validate the LAN side DNS proxy functionality of the IDU
24-02-26 12:09:27 [INFO] Try to Login Through WebGUI
24-02-26 12:09:53 [INFO] Performing health check
24-02-26 12:09:53 [DEBUG] Retrieving Firmware Version.....
24-02-26 12:09:53 [DEBUG] Searching for the Keyword: 'WAN Information'
24-02-26 12:09:54 [DEBUG] Found and Clicked on the Result Containing 'WAN Information'
24-02-26 12:10:00 [INFO] Current firmware version: ARCNJIO_JIDU6101_D1.9.0
24-02-26 12:10:00 [DEBUG] Getting WAN IPv6 Information
24-02-26 12:10:00 [DEBUG] Searching for the Keyword: 'WAN Information'
24-02-26 12:10:02 [DEBUG] Found and Clicked on the Result Containing 'WAN Information'
24-02-26 12:10:08 [INFO] Successfully retrieved WAN IPv6 address: 2409:4090:17:1000:cf56:c63:de5c:c84d, 2409:4090:17:1208::/64
24-02-26 12:10:08 [DEBUG] Checking Ping 4 to google.com
24-02-26 12:10:27 [DEBUG]     Packets: Sent = 20, Received = 20, Lost = 0 (0% loss),
24-02-26 12:10:27 [INFO] Ping 4 Passed
24-02-26 12:10:27 [DEBUG] Checking Ping 6 to google.com
24-02-26 12:10:46 [DEBUG]     Packets: Sent = 20, Received = 20, Lost = 0 (0% loss),
24-02-26 12:10:46 [INFO] Ping 6 Passed
24-02-26 12:10:46 [INFO] Device health check completed successfully.
24-02-26 12:10:46 [DEBUG] Searching for the Keyword: 'LAN IPv4 Configuration'
24-02-26 12:10:48 [DEBUG] Found and Clicked on the Result Containing 'LAN IPv4 Configuration'
24-02-26 12:11:59 [DEBUG] DNS Server: 192.168.31.1
24-02-26 12:11:59 [INFO] The LAN side DNS proxy functionality is working as expected
24-02-26 12:11:59 [DEBUG] ======================================================================================
24-02-26 12:11:59 [INFO] Validate the LAN side DNS from IPS functionality
24-02-26 12:11:59 [INFO] Try to Login Through WebGUI
24-02-26 12:12:36 [ERROR] Error Occurred While Login Through WebGUI: catching classes that do not inherit from BaseException is not allowed
24-02-26 12:12:36 [INFO] Performing health check
24-02-26 12:12:36 [DEBUG] Retrieving Firmware Version.....
24-02-26 12:12:36 [DEBUG] Searching for the Keyword: 'WAN Information'
24-02-26 12:12:38 [DEBUG] Found and Clicked on the Result Containing 'WAN Information'
24-02-26 12:12:44 [INFO] Current firmware version: ARCNJIO_JIDU6101_D1.9.0
24-02-26 12:12:44 [DEBUG] Getting WAN IPv6 Information
24-02-26 12:12:44 [DEBUG] Searching for the Keyword: 'WAN Information'
24-02-26 12:12:45 [DEBUG] Found and Clicked on the Result Containing 'WAN Information'
24-02-26 12:12:52 [INFO] Successfully retrieved WAN IPv6 address: 2409:4090:17:1000:cf56:c63:de5c:c84d, 2409:4090:17:1208::/64
24-02-26 12:12:52 [DEBUG] Checking Ping 4 to google.com
24-02-26 12:13:11 [DEBUG]     Packets: Sent = 20, Received = 20, Lost = 0 (0% loss),
24-02-26 12:13:11 [INFO] Ping 4 Passed
24-02-26 12:13:11 [DEBUG] Checking Ping 6 to google.com
24-02-26 12:13:30 [DEBUG]     Packets: Sent = 20, Received = 20, Lost = 0 (0% loss),
24-02-26 12:13:30 [INFO] Ping 6 Passed
24-02-26 12:13:30 [INFO] Device health check completed successfully.
24-02-26 12:13:30 [DEBUG] Searching for the Keyword: 'LAN IPv4 Configuration'
24-02-26 12:13:31 [DEBUG] Found and Clicked on the Result Containing 'LAN IPv4 Configuration'
24-02-26 12:14:43 [DEBUG] DNS Server: 192.168.31.1
24-02-26 12:14:43 [ERROR] The LAN side DNS from IPS functionality is NOT working as expected
