24-02-19 11:38:11 [DEBUG] Initializing Chrome WebDriver
24-02-19 11:38:12 [INFO] Try to Login Through WebGUI
24-02-19 11:38:44 [INFO] Performing health check
24-02-19 11:38:44 [DEBUG] Retrieving Firmware Version.....
24-02-19 11:38:44 [DEBUG] Searching for the Keyword: 'WAN Information'
24-02-19 11:38:46 [DEBUG] Found and Clicked on the Result Containing 'WAN Information'
24-02-19 11:38:52 [INFO] Current firmware version: ARCNJIO_JIDU6101_D1.9.0
24-02-19 11:38:52 [DEBUG] Getting WAN IPv6 Information
24-02-19 11:38:52 [DEBUG] Searching for the Keyword: 'WAN Information'
24-02-19 11:38:53 [DEBUG] Found and Clicked on the Result Containing 'WAN Information'
24-02-19 11:38:59 [INFO] Successfully retrieved WAN IPv6 address: 2409:4090:17:1000:cf56:c63:de5c:c84d, 2409:4090:17:1208::/64
24-02-19 11:38:59 [DEBUG] Checking Ping 4 to google.com
24-02-19 11:39:19 [DEBUG]     Packets: Sent = 20, Received = 20, Lost = 0 (0% loss),
24-02-19 11:39:19 [INFO] Ping 4 Passed
24-02-19 11:39:19 [DEBUG] Checking Ping 6 to google.com
24-02-19 11:39:38 [DEBUG]     Packets: Sent = 20, Received = 20, Lost = 0 (0% loss),
24-02-19 11:39:38 [INFO] Ping 6 Passed
24-02-19 11:39:38 [INFO] Device health check completed successfully.
24-02-19 11:39:38 [DEBUG] Searching for the Keyword: 'Date & Time Configuration'
24-02-19 11:39:39 [WARNING] No Search Result Found for Keyword: 'Date & Time Configuration'
24-02-19 11:39:56 [WARNING] Initiating DBG log collection after encountering an issue
24-02-19 11:40:00 [WARNING] DBG log collected at: 2024-02-19 11:40:00.663069
