24-02-19 14:36:42 [DEBUG] Initializing Chrome WebDriver
24-02-19 14:36:43 [INFO] Try to Login Through WebGUI
24-02-19 14:37:22 [ERROR] Error Occurred While Login Through WebGUI: Message: stale element reference: stale element not found
  (Session info: chrome=121.0.6167.185)
Stacktrace:
	GetHandleVerifier [0x00F01673+52979]
	(No symbol) [0x00E87961]
	(No symbol) [0x00D6DD3D]
	(No symbol) [0x00D71F90]
	(No symbol) [0x00D73AC2]
	(No symbol) [0x00D73B50]
	(No symbol) [0x00DAB65B]
	(No symbol) [0x00DA9EB7]
	(No symbol) [0x00DA7F1B]
	(No symbol) [0x00DA70BD]
	(No symbol) [0x00D9E010]
	(No symbol) [0x00DC44EC]
	(No symbol) [0x00D9DA4E]
	(No symbol) [0x00DC4784]
	(No symbol) [0x00DDB3FE]
	(No symbol) [0x00DC4286]
	(No symbol) [0x00D9C063]
	(No symbol) [0x00D9CECD]
	GetHandleVerifier [0x01218D83+3294723]
	GetHandleVerifier [0x01256CC2+3548482]
	GetHandleVerifier [0x01251C9C+3527964]
	GetHandleVerifier [0x00F9870E+671630]
	(No symbol) [0x00E91EB4]
	(No symbol) [0x00E8D808]
	(No symbol) [0x00E8D92D]
	(No symbol) [0x00E7F7E0]
	BaseThreadInitThunk [0x758FFCC9+25]
	RtlGetAppContainerNamedObjectPath [0x77047C5E+286]
	RtlGetAppContainerNamedObjectPath [0x77047C2E+238]

24-02-19 14:37:22 [DEBUG] ======================================================================================
24-02-19 14:37:22 [INFO] Validate administration user password management functionality
24-02-19 14:37:22 [DEBUG] Searching for the Keyword: 'User Management'
24-02-19 14:37:24 [DEBUG] Found and Clicked on the Result Containing 'User Management'
24-02-19 14:38:22 [DEBUG] Searching for the Keyword: 'User Management'
24-02-19 14:38:23 [DEBUG] Found and Clicked on the Result Containing 'User Management'
