24-02-19 15:51:27 [DEBUG] Initializing Chrome WebDriver
24-02-19 15:51:28 [INFO] Try to Login Through WebGUI
24-02-19 15:52:15 [DEBUG] ======================================================================================
24-02-19 15:52:15 [INFO] Validate administration user password management functionality
24-02-19 15:52:15 [INFO] Try to Login Through WebGUI
24-02-19 15:52:57 [ERROR] Error Occurred While Login Through WebGUI: catching classes that do not inherit from BaseException is not allowed
24-02-19 15:52:57 [INFO] Performing health check
24-02-19 15:52:57 [DEBUG] Retrieving Firmware Version.....
24-02-19 15:52:57 [DEBUG] Searching for the Keyword: 'WAN Information'
24-02-19 15:52:59 [DEBUG] Found and Clicked on the Result Containing 'WAN Information'
24-02-19 15:53:05 [INFO] Current firmware version: ARCNJIO_JIDU6101_D1.9.0
24-02-19 15:53:05 [DEBUG] Getting WAN IPv6 Information
24-02-19 15:53:05 [DEBUG] Searching for the Keyword: 'WAN Information'
24-02-19 15:53:06 [DEBUG] Found and Clicked on the Result Containing 'WAN Information'
24-02-19 15:53:12 [INFO] Successfully retrieved WAN IPv6 address: 2409:4090:17:1000:cf56:c63:de5c:c84d, 2409:4090:17:1208::/64
24-02-19 15:53:12 [DEBUG] Checking Ping 4 to google.com
24-02-19 15:53:32 [DEBUG]     Packets: Sent = 20, Received = 20, Lost = 0 (0% loss),
24-02-19 15:53:32 [INFO] Ping 4 Passed
24-02-19 15:53:32 [DEBUG] Checking Ping 6 to google.com
24-02-19 15:53:51 [DEBUG]     Packets: Sent = 20, Received = 20, Lost = 0 (0% loss),
24-02-19 15:53:51 [INFO] Ping 6 Passed
24-02-19 15:53:51 [INFO] Device health check completed successfully.
24-02-19 15:53:51 [DEBUG] Searching for the Keyword: 'User Management'
24-02-19 15:53:52 [DEBUG] Found and Clicked on the Result Containing 'User Management'
24-02-19 15:54:32 [INFO] Password has chnaged Succefully to 'PR@snt23' and device is logged out
24-02-19 15:54:32 [DEBUG] Try to login whith new passpwword
24-02-19 15:54:50 [INFO] Succefully logedin with new credential
24-02-19 15:54:50 [DEBUG] Revert back the password with its orignal 
24-02-19 15:54:50 [DEBUG] Searching for the Keyword: 'User Management'
24-02-19 15:54:51 [DEBUG] Found and Clicked on the Result Containing 'User Management'
24-02-19 15:55:31 [INFO] Administration user password management functionality is working as expected
