24-02-19 12:53:38 [DEBUG] Initializing Chrome WebDriver
24-02-19 12:53:39 [INFO] Try to Login Through WebGUI
24-02-19 12:53:43 [ERROR] Error Occurred While Login Through WebGUI: Message: disconnected: unable to send message to renderer
  (failed to check if window was closed: disconnected: not connected to DevTools)
  (Session info: chrome=121.0.6167.185)
Stacktrace:
	GetHandleVerifier [0x00F01673+52979]
	(No symbol) [0x00E87961]
	(No symbol) [0x00D6DD3D]
	(No symbol) [0x00D5D8C2]
	(No symbol) [0x00D5E0ED]
	(No symbol) [0x00D704C5]
	(No symbol) [0x00D70C14]
	(No symbol) [0x00D73AC2]
	(No symbol) [0x00D73B50]
	(No symbol) [0x00DA5D19]
	(No symbol) [0x00DA60FB]
	(No symbol) [0x00DDCF92]
	(No symbol) [0x00DC4534]
	(No symbol) [0x00DDB3FE]
	(No symbol) [0x00DC4286]
	(No symbol) [0x00D9C063]
	(No symbol) [0x00D9CECD]
	GetHandleVerifier [0x01218D83+3294723]
	GetHandleVerifier [0x01256CC2+3548482]
	GetHandleVerifier [0x01251C9C+3527964]
	GetHandleVerifier [0x00F9870E+671630]
	(No symbol) [0x00E91EB4]
	(No symbol) [0x00E8D808]
	(No symbol) [0x00E8D92D]
	(No symbol) [0x00E7F7E0]
	BaseThreadInitThunk [0x758FFCC9+25]
	RtlGetAppContainerNamedObjectPath [0x77047C5E+286]
	RtlGetAppContainerNamedObjectPath [0x77047C2E+238]

24-02-19 12:53:43 [DEBUG] ======================================================================================
24-02-19 12:53:43 [INFO] Validate date/time functionality in IDU
24-02-19 12:53:43 [INFO] Try to Login Through WebGUI
24-02-19 12:53:43 [ERROR] Error Occurred While Login Through WebGUI: Message: disconnected: not connected to DevTools
  (failed to check if window was closed: disconnected: not connected to DevTools)
  (Session info: chrome=121.0.6167.185)
Stacktrace:
	GetHandleVerifier [0x00F01673+52979]
	(No symbol) [0x00E87961]
	(No symbol) [0x00D6DD3D]
	(No symbol) [0x00D5E8A3]
	(No symbol) [0x00D5E449]
	(No symbol) [0x00D6F970]
	(No symbol) [0x00DDACD6]
	(No symbol) [0x00DC4286]
	(No symbol) [0x00D9C063]
	(No symbol) [0x00D9CECD]
	GetHandleVerifier [0x01218D83+3294723]
	GetHandleVerifier [0x01256CC2+3548482]
	GetHandleVerifier [0x01251C9C+3527964]
	GetHandleVerifier [0x00F9870E+671630]
	(No symbol) [0x00E91EB4]
	(No symbol) [0x00E8D808]
	(No symbol) [0x00E8D92D]
	(No symbol) [0x00E7F7E0]
	BaseThreadInitThunk [0x758FFCC9+25]
	RtlGetAppContainerNamedObjectPath [0x77047C5E+286]
	RtlGetAppContainerNamedObjectPath [0x77047C2E+238]

24-02-19 12:53:43 [INFO] Performing health check
24-02-19 12:53:43 [DEBUG] Retrieving Firmware Version.....
24-02-19 12:53:43 [DEBUG] Searching for the Keyword: 'WAN Information'
24-02-19 12:53:44 [ERROR] Error Occurred While Searching for the Keyword: 'WAN Information': Message: disconnected: not connected to DevTools
  (failed to check if window was closed: disconnected: not connected to DevTools)
  (Session info: chrome=121.0.6167.185)
Stacktrace:
	GetHandleVerifier [0x00F01673+52979]
	(No symbol) [0x00E87961]
	(No symbol) [0x00D6DD3D]
	(No symbol) [0x00D5E8A3]
	(No symbol) [0x00D5E449]
	(No symbol) [0x00D6F970]
	(No symbol) [0x00DDACD6]
	(No symbol) [0x00DC4286]
	(No symbol) [0x00D9C063]
	(No symbol) [0x00D9CECD]
	GetHandleVerifier [0x01218D83+3294723]
	GetHandleVerifier [0x01256CC2+3548482]
	GetHandleVerifier [0x01251C9C+3527964]
	GetHandleVerifier [0x00F9870E+671630]
	(No symbol) [0x00E91EB4]
	(No symbol) [0x00E8D808]
	(No symbol) [0x00E8D92D]
	(No symbol) [0x00E7F7E0]
	BaseThreadInitThunk [0x758FFCC9+25]
	RtlGetAppContainerNamedObjectPath [0x77047C5E+286]
	RtlGetAppContainerNamedObjectPath [0x77047C2E+238]

24-02-19 12:53:45 [ERROR] An error occurred while fetching Firmware Version: Message: disconnected: not connected to DevTools
  (failed to check if window was closed: disconnected: not connected to DevTools)
  (Session info: chrome=121.0.6167.185)
Stacktrace:
	GetHandleVerifier [0x00F01673+52979]
	(No symbol) [0x00E87961]
	(No symbol) [0x00D6DD3D]
	(No symbol) [0x00D5E8A3]
	(No symbol) [0x00D5E449]
	(No symbol) [0x00D6F970]
	(No symbol) [0x00DDACD6]
	(No symbol) [0x00DC4286]
	(No symbol) [0x00D9C063]
	(No symbol) [0x00D9CECD]
	GetHandleVerifier [0x01218D83+3294723]
	GetHandleVerifier [0x01256CC2+3548482]
	GetHandleVerifier [0x01251C9C+3527964]
	GetHandleVerifier [0x00F9870E+671630]
	(No symbol) [0x00E91EB4]
	(No symbol) [0x00E8D808]
	(No symbol) [0x00E8D92D]
	(No symbol) [0x00E7F7E0]
	BaseThreadInitThunk [0x758FFCC9+25]
	RtlGetAppContainerNamedObjectPath [0x77047C5E+286]
	RtlGetAppContainerNamedObjectPath [0x77047C2E+238]

24-02-19 12:53:45 [ERROR] Device is not having latest firmware version
24-02-19 12:53:45 [DEBUG] Getting WAN IPv6 Information
24-02-19 12:53:45 [DEBUG] Searching for the Keyword: 'WAN Information'
24-02-19 12:53:46 [ERROR] Error Occurred While Searching for the Keyword: 'WAN Information': Message: disconnected: not connected to DevTools
  (failed to check if window was closed: disconnected: not connected to DevTools)
  (Session info: chrome=121.0.6167.185)
Stacktrace:
	GetHandleVerifier [0x00F01673+52979]
	(No symbol) [0x00E87961]
	(No symbol) [0x00D6DD3D]
	(No symbol) [0x00D5E8A3]
	(No symbol) [0x00D5E449]
	(No symbol) [0x00D6F970]
	(No symbol) [0x00DDACD6]
	(No symbol) [0x00DC4286]
	(No symbol) [0x00D9C063]
	(No symbol) [0x00D9CECD]
	GetHandleVerifier [0x01218D83+3294723]
	GetHandleVerifier [0x01256CC2+3548482]
	GetHandleVerifier [0x01251C9C+3527964]
	GetHandleVerifier [0x00F9870E+671630]
	(No symbol) [0x00E91EB4]
	(No symbol) [0x00E8D808]
	(No symbol) [0x00E8D92D]
	(No symbol) [0x00E7F7E0]
	BaseThreadInitThunk [0x758FFCC9+25]
	RtlGetAppContainerNamedObjectPath [0x77047C5E+286]
	RtlGetAppContainerNamedObjectPath [0x77047C2E+238]

24-02-19 12:53:47 [ERROR] An error occurred while fetching WAN IPv6 info: Message: disconnected: not connected to DevTools
  (failed to check if window was closed: disconnected: not connected to DevTools)
  (Session info: chrome=121.0.6167.185)
Stacktrace:
	GetHandleVerifier [0x00F01673+52979]
	(No symbol) [0x00E87961]
	(No symbol) [0x00D6DD3D]
	(No symbol) [0x00D5E8A3]
	(No symbol) [0x00D5E449]
	(No symbol) [0x00D6F970]
	(No symbol) [0x00DDACD6]
	(No symbol) [0x00DC4286]
	(No symbol) [0x00D9C063]
	(No symbol) [0x00D9CECD]
	GetHandleVerifier [0x01218D83+3294723]
	GetHandleVerifier [0x01256CC2+3548482]
	GetHandleVerifier [0x01251C9C+3527964]
	GetHandleVerifier [0x00F9870E+671630]
	(No symbol) [0x00E91EB4]
	(No symbol) [0x00E8D808]
	(No symbol) [0x00E8D92D]
	(No symbol) [0x00E7F7E0]
	BaseThreadInitThunk [0x758FFCC9+25]
	RtlGetAppContainerNamedObjectPath [0x77047C5E+286]
	RtlGetAppContainerNamedObjectPath [0x77047C2E+238]

24-02-19 12:53:47 [ERROR] Failed to retrieve IPv6 information.
24-02-19 12:53:47 [DEBUG] Checking Ping 4 to google.com
