24-02-19 16:12:31 [DEBUG] Initializing Chrome WebDriver
24-02-19 16:12:32 [INFO] Try to Login Through WebGUI
24-02-19 16:13:18 [DEBUG] ======================================================================================
24-02-19 16:13:18 [INFO] Starting functional_sanity_28: Validate administration user password management functionality
24-02-19 16:13:18 [INFO] Try to Login Through WebGUI
24-02-19 16:14:01 [ERROR] Error Occurred While Login Through WebGUI: catching classes that do not inherit from BaseException is not allowed
24-02-19 16:14:01 [INFO] Performing health check
24-02-19 16:14:01 [DEBUG] Retrieving Firmware Version.....
24-02-19 16:14:01 [DEBUG] Searching for the Keyword: 'WAN Information'
24-02-19 16:14:02 [DEBUG] Found and Clicked on the Result Containing 'WAN Information'
24-02-19 16:14:08 [INFO] Current firmware version: ARCNJIO_JIDU6101_D1.9.0
24-02-19 16:14:08 [DEBUG] Getting WAN IPv6 Information
24-02-19 16:14:08 [DEBUG] Searching for the Keyword: 'WAN Information'
24-02-19 16:14:10 [DEBUG] Found and Clicked on the Result Containing 'WAN Information'
24-02-19 16:14:16 [INFO] Successfully retrieved WAN IPv6 address: 2409:4090:17:1000:cf56:c63:de5c:c84d, 2409:4090:17:1208::/64
24-02-19 16:14:16 [DEBUG] Checking Ping 4 to google.com
24-02-19 16:14:35 [DEBUG]     Packets: Sent = 20, Received = 20, Lost = 0 (0% loss),
24-02-19 16:14:35 [INFO] Ping 4 Passed
24-02-19 16:14:35 [DEBUG] Checking Ping 6 to google.com
24-02-19 16:14:55 [DEBUG]     Packets: Sent = 20, Received = 20, Lost = 0 (0% loss),
24-02-19 16:14:55 [INFO] Ping 6 Passed
24-02-19 16:14:55 [INFO] Device health check completed successfully.
24-02-19 16:14:55 [INFO] Changing password to 'PR@sant23'
24-02-19 16:14:55 [DEBUG] Searching for the Keyword: 'User Management'
24-02-19 16:14:56 [DEBUG] Found and Clicked on the Result Containing 'User Management'
24-02-19 16:15:36 [INFO] Password changed successfully to 'PR@snt23' and device is logged out
24-02-19 16:15:36 [DEBUG] Trying to log in with new password
24-02-19 16:15:54 [INFO] Successfully logged in with new credentials
24-02-19 16:15:54 [DEBUG] Reverting back the password to its original
24-02-19 16:15:54 [DEBUG] Searching for the Keyword: 'User Management'
24-02-19 16:15:55 [DEBUG] Found and Clicked on the Result Containing 'User Management'
24-02-19 16:16:35 [INFO] Password reverted back to its original : 'P@ssw0rd'
24-02-19 16:16:35 [INFO] Administration user password management functionality is working as expected
