24-02-26 14:35:36 [DEBUG] Initializing Chrome WebDriver
24-02-26 14:35:38 [INFO] Try to Login Through WebGUI
24-02-26 14:36:19 [INFO] Try to Login Through WebGUI
24-02-26 14:36:57 [ERROR] Error Occurred While Login Through WebGUI: catching classes that do not inherit from BaseException is not allowed
24-02-26 14:36:57 [INFO] Performing health check
24-02-26 14:36:57 [DEBUG] Retrieving Firmware Version.....
24-02-26 14:36:57 [DEBUG] Searching for the Keyword: 'WAN Information'
24-02-26 14:36:58 [DEBUG] Found and Clicked on the Result Containing 'WAN Information'
24-02-26 14:37:04 [INFO] Current firmware version: ARCNJIO_JIDU6101_D1.9.0
24-02-26 14:37:04 [DEBUG] Getting WAN IPv6 Information
24-02-26 14:37:04 [DEBUG] Searching for the Keyword: 'WAN Information'
24-02-26 14:37:06 [DEBUG] Found and Clicked on the Result Containing 'WAN Information'
24-02-26 14:37:12 [INFO] Successfully retrieved WAN IPv6 address: 2409:4090:17:1000:cf56:c63:de5c:c84d, 2409:4090:17:1208::/64
24-02-26 14:37:12 [DEBUG] Checking Ping 4 to google.com
24-02-26 14:37:31 [DEBUG]     Packets: Sent = 20, Received = 20, Lost = 0 (0% loss),
24-02-26 14:37:31 [INFO] Ping 4 Passed
24-02-26 14:37:31 [DEBUG] Checking Ping 6 to google.com
24-02-26 14:37:51 [DEBUG]     Packets: Sent = 20, Received = 20, Lost = 0 (0% loss),
24-02-26 14:37:51 [INFO] Ping 6 Passed
24-02-26 14:37:51 [INFO] Device health check completed successfully.
24-02-26 14:37:51 [INFO] Adding IPv6 rule
24-02-26 14:37:51 [DEBUG] Searching for the Keyword: 'List of IPv6 Firewall Rules'
24-02-26 14:37:52 [DEBUG] Found and Clicked on the Result Containing 'List of IPv6 Firewall Rules'
24-02-26 14:38:07 [INFO] IPv6 firewall rule added - Service: HTTPS, Action: Block Always, Rule Type: Inbound
24-02-26 14:38:12 [INFO] Adding IPv4 rule
24-02-26 14:38:12 [DEBUG] Searching for the Keyword: 'List of IPv4 Firewall Rules'
24-02-26 14:38:13 [DEBUG] Found and Clicked on the Result Containing 'List of IPv4 Firewall Rules'
24-02-26 14:38:26 [INFO] IPv4 firewall rule added - Service: HTTPS, Action: Block Always
24-02-26 14:38:31 [DEBUG] Searching for the Keyword: 'Backup Settings'
24-02-26 14:38:33 [DEBUG] Found and Clicked on the Result Containing 'Backup Settings'
24-02-26 14:38:54 [DEBUG] Searching for the Keyword: 'Factory Defaults / Reboot'
24-02-26 14:38:55 [DEBUG] Found and Clicked on the Result Containing 'Factory Defaults / Reboot'
24-02-26 14:42:25 [INFO] Try to Login Through WebGUI
24-02-26 14:42:27 [DEBUG] Device is in Factory Reset State
24-02-26 14:43:12 [DEBUG] Searching for the Keyword: 'List of IPv4 Firewall Rules'
24-02-26 14:43:13 [DEBUG] Found and Clicked on the Result Containing 'List of IPv4 Firewall Rules'
24-02-26 14:43:20 [DEBUG] Searching for the Keyword: 'Restore Settings'
24-02-26 14:43:22 [DEBUG] Found and Clicked on the Result Containing 'Restore Settings'
24-02-26 14:46:56 [INFO] Try to Login Through WebGUI
24-02-26 14:47:36 [DEBUG] Searching for the Keyword: 'List of IPv4 Firewall Rules'
24-02-26 14:47:38 [DEBUG] Found and Clicked on the Result Containing 'List of IPv4 Firewall Rules'
24-02-26 14:47:45 [INFO] Deleting IPv6 rule
24-02-26 14:47:45 [DEBUG] Searching for the Keyword: 'List of IPv6 Firewall Rules'
24-02-26 14:47:46 [DEBUG] Found and Clicked on the Result Containing 'List of IPv6 Firewall Rules'
24-02-26 14:47:59 [INFO] IPv6 firewall rule Deleted
24-02-26 14:47:59 [INFO] Deleting IPv4 rule
24-02-26 14:47:59 [DEBUG] Searching for the Keyword: 'List of IPv4 Firewall Rules'
24-02-26 14:48:01 [DEBUG] Found and Clicked on the Result Containing 'List of IPv4 Firewall Rules'
24-02-26 14:48:14 [INFO] IPv4 firewall rule Deleted 
24-02-26 14:48:14 [INFO] Try to Login Through WebGUI
24-02-26 14:48:52 [ERROR] Error Occurred While Login Through WebGUI: catching classes that do not inherit from BaseException is not allowed
24-02-26 14:48:52 [INFO] Performing health check
24-02-26 14:48:52 [DEBUG] Retrieving Firmware Version.....
24-02-26 14:48:52 [DEBUG] Searching for the Keyword: 'WAN Information'
24-02-26 14:48:53 [DEBUG] Found and Clicked on the Result Containing 'WAN Information'
24-02-26 14:48:59 [INFO] Current firmware version: ARCNJIO_JIDU6101_D1.9.0
24-02-26 14:48:59 [DEBUG] Getting WAN IPv6 Information
24-02-26 14:48:59 [DEBUG] Searching for the Keyword: 'WAN Information'
24-02-26 14:49:01 [DEBUG] Found and Clicked on the Result Containing 'WAN Information'
24-02-26 14:49:07 [INFO] Successfully retrieved WAN IPv6 address: 2409:4090:17:1000:cf56:c63:de5c:c84d, 2409:4090:17:1208::/64
24-02-26 14:49:07 [DEBUG] Checking Ping 4 to google.com
24-02-26 14:49:26 [DEBUG]     Packets: Sent = 20, Received = 20, Lost = 0 (0% loss),
24-02-26 14:49:26 [INFO] Ping 4 Passed
24-02-26 14:49:26 [DEBUG] Checking Ping 6 to google.com
24-02-26 14:49:45 [DEBUG]     Packets: Sent = 20, Received = 20, Lost = 0 (0% loss),
24-02-26 14:49:45 [INFO] Ping 6 Passed
24-02-26 14:49:45 [INFO] Device health check completed successfully.
24-02-26 14:49:45 [INFO] Adding IPv6 rule
24-02-26 14:49:45 [DEBUG] Searching for the Keyword: 'List of IPv6 Firewall Rules'
24-02-26 14:49:47 [DEBUG] Found and Clicked on the Result Containing 'List of IPv6 Firewall Rules'
24-02-26 14:50:02 [INFO] IPv6 firewall rule added - Service: HTTPS, Action: Block Always, Rule Type: Inbound
24-02-26 14:50:07 [INFO] Adding IPv4 rule
24-02-26 14:50:07 [DEBUG] Searching for the Keyword: 'List of IPv4 Firewall Rules'
24-02-26 14:50:08 [DEBUG] Found and Clicked on the Result Containing 'List of IPv4 Firewall Rules'
24-02-26 14:50:21 [INFO] IPv4 firewall rule added - Service: HTTPS, Action: Block Always
24-02-26 14:50:26 [DEBUG] Searching for the Keyword: 'Backup Settings'
24-02-26 14:50:27 [DEBUG] Found and Clicked on the Result Containing 'Backup Settings'
24-02-26 14:50:48 [DEBUG] Searching for the Keyword: 'Factory Defaults / Reboot'
24-02-26 14:50:50 [DEBUG] Found and Clicked on the Result Containing 'Factory Defaults / Reboot'
24-02-26 14:54:19 [INFO] Try to Login Through WebGUI
24-02-26 14:54:22 [DEBUG] Device is in Factory Reset State
24-02-26 14:55:06 [DEBUG] Searching for the Keyword: 'List of IPv4 Firewall Rules'
24-02-26 14:55:08 [DEBUG] Found and Clicked on the Result Containing 'List of IPv4 Firewall Rules'
24-02-26 14:55:15 [DEBUG] Searching for the Keyword: 'Restore Settings'
24-02-26 14:55:16 [DEBUG] Found and Clicked on the Result Containing 'Restore Settings'
24-02-26 14:58:51 [INFO] Try to Login Through WebGUI
24-02-26 14:59:31 [DEBUG] Searching for the Keyword: 'List of IPv4 Firewall Rules'
24-02-26 14:59:32 [DEBUG] Found and Clicked on the Result Containing 'List of IPv4 Firewall Rules'
24-02-26 14:59:39 [INFO] Deleting IPv6 rule
24-02-26 14:59:39 [DEBUG] Searching for the Keyword: 'List of IPv6 Firewall Rules'
24-02-26 14:59:41 [DEBUG] Found and Clicked on the Result Containing 'List of IPv6 Firewall Rules'
24-02-26 14:59:54 [INFO] IPv6 firewall rule Deleted
24-02-26 14:59:54 [INFO] Deleting IPv4 rule
24-02-26 14:59:54 [DEBUG] Searching for the Keyword: 'List of IPv4 Firewall Rules'
24-02-26 14:59:55 [DEBUG] Found and Clicked on the Result Containing 'List of IPv4 Firewall Rules'
24-02-26 15:00:09 [INFO] IPv4 firewall rule Deleted 
24-02-26 15:00:09 [INFO] Try to Login Through WebGUI
24-02-26 15:00:46 [ERROR] Error Occurred While Login Through WebGUI: catching classes that do not inherit from BaseException is not allowed
24-02-26 15:00:46 [INFO] Performing health check
24-02-26 15:00:46 [DEBUG] Retrieving Firmware Version.....
24-02-26 15:00:46 [DEBUG] Searching for the Keyword: 'WAN Information'
24-02-26 15:00:48 [DEBUG] Found and Clicked on the Result Containing 'WAN Information'
24-02-26 15:00:54 [INFO] Current firmware version: ARCNJIO_JIDU6101_D1.9.0
24-02-26 15:00:54 [DEBUG] Getting WAN IPv6 Information
24-02-26 15:00:54 [DEBUG] Searching for the Keyword: 'WAN Information'
24-02-26 15:00:55 [DEBUG] Found and Clicked on the Result Containing 'WAN Information'
24-02-26 15:01:01 [INFO] Successfully retrieved WAN IPv6 address: 2409:4090:17:1000:cf56:c63:de5c:c84d, 2409:4090:17:1208::/64
24-02-26 15:01:01 [DEBUG] Checking Ping 4 to google.com
24-02-26 15:01:21 [DEBUG]     Packets: Sent = 20, Received = 20, Lost = 0 (0% loss),
24-02-26 15:01:21 [INFO] Ping 4 Passed
24-02-26 15:01:21 [DEBUG] Checking Ping 6 to google.com
24-02-26 15:01:40 [DEBUG]     Packets: Sent = 20, Received = 20, Lost = 0 (0% loss),
24-02-26 15:01:40 [INFO] Ping 6 Passed
24-02-26 15:01:40 [INFO] Device health check completed successfully.
24-02-26 15:01:40 [INFO] Adding IPv6 rule
24-02-26 15:01:40 [DEBUG] Searching for the Keyword: 'List of IPv6 Firewall Rules'
24-02-26 15:01:41 [DEBUG] Found and Clicked on the Result Containing 'List of IPv6 Firewall Rules'
24-02-26 15:01:56 [INFO] IPv6 firewall rule added - Service: HTTPS, Action: Block Always, Rule Type: Inbound
24-02-26 15:02:01 [INFO] Adding IPv4 rule
24-02-26 15:02:01 [DEBUG] Searching for the Keyword: 'List of IPv4 Firewall Rules'
24-02-26 15:02:03 [DEBUG] Found and Clicked on the Result Containing 'List of IPv4 Firewall Rules'
24-02-26 15:02:16 [INFO] IPv4 firewall rule added - Service: HTTPS, Action: Block Always
24-02-26 15:02:21 [DEBUG] Searching for the Keyword: 'Backup Settings'
24-02-26 15:02:22 [DEBUG] Found and Clicked on the Result Containing 'Backup Settings'
24-02-26 15:02:43 [DEBUG] Searching for the Keyword: 'Factory Defaults / Reboot'
24-02-26 15:02:45 [DEBUG] Found and Clicked on the Result Containing 'Factory Defaults / Reboot'
24-02-26 15:06:14 [INFO] Try to Login Through WebGUI
24-02-26 15:06:16 [DEBUG] Device is in Factory Reset State
24-02-26 15:07:01 [DEBUG] Searching for the Keyword: 'List of IPv4 Firewall Rules'
24-02-26 15:07:02 [DEBUG] Found and Clicked on the Result Containing 'List of IPv4 Firewall Rules'
24-02-26 15:07:09 [INFO] Deleting IPv6 rule
24-02-26 15:07:09 [DEBUG] Searching for the Keyword: 'List of IPv6 Firewall Rules'
24-02-26 15:07:11 [DEBUG] Found and Clicked on the Result Containing 'List of IPv6 Firewall Rules'
24-02-26 15:07:17 [INFO] Deleting IPv4 rule
24-02-26 15:07:17 [DEBUG] Searching for the Keyword: 'List of IPv4 Firewall Rules'
24-02-26 15:07:18 [DEBUG] Found and Clicked on the Result Containing 'List of IPv4 Firewall Rules'
24-02-26 15:07:24 [INFO] Try to Login Through WebGUI
24-02-26 15:08:02 [ERROR] Error Occurred While Login Through WebGUI: catching classes that do not inherit from BaseException is not allowed
24-02-26 15:08:02 [INFO] Performing health check
24-02-26 15:08:02 [DEBUG] Retrieving Firmware Version.....
24-02-26 15:08:02 [DEBUG] Searching for the Keyword: 'WAN Information'
24-02-26 15:08:03 [DEBUG] Found and Clicked on the Result Containing 'WAN Information'
24-02-26 15:08:09 [INFO] Current firmware version: ARCNJIO_JIDU6101_D1.9.0
24-02-26 15:08:09 [DEBUG] Getting WAN IPv6 Information
24-02-26 15:08:09 [DEBUG] Searching for the Keyword: 'WAN Information'
24-02-26 15:08:11 [DEBUG] Found and Clicked on the Result Containing 'WAN Information'
24-02-26 15:08:17 [INFO] Successfully retrieved WAN IPv6 address: 2409:4090:17:1000:cf56:c63:de5c:c84d, 2409:4090:17:1208::/64
24-02-26 15:08:17 [DEBUG] Checking Ping 4 to google.com
24-02-26 15:08:36 [DEBUG]     Packets: Sent = 20, Received = 20, Lost = 0 (0% loss),
24-02-26 15:08:36 [INFO] Ping 4 Passed
24-02-26 15:08:36 [DEBUG] Checking Ping 6 to google.com
24-02-26 15:08:55 [DEBUG]     Packets: Sent = 20, Received = 20, Lost = 0 (0% loss),
24-02-26 15:08:55 [INFO] Ping 6 Passed
24-02-26 15:08:55 [INFO] Device health check completed successfully.
24-02-26 15:08:55 [INFO] Adding IPv6 rule
24-02-26 15:08:55 [DEBUG] Searching for the Keyword: 'List of IPv6 Firewall Rules'
24-02-26 15:08:57 [DEBUG] Found and Clicked on the Result Containing 'List of IPv6 Firewall Rules'
24-02-26 15:09:12 [INFO] IPv6 firewall rule added - Service: HTTPS, Action: Block Always, Rule Type: Inbound
24-02-26 15:09:17 [INFO] Adding IPv4 rule
24-02-26 15:09:17 [DEBUG] Searching for the Keyword: 'List of IPv4 Firewall Rules'
24-02-26 15:09:18 [DEBUG] Found and Clicked on the Result Containing 'List of IPv4 Firewall Rules'
24-02-26 15:09:31 [INFO] IPv4 firewall rule added - Service: HTTPS, Action: Block Always
24-02-26 15:09:36 [DEBUG] Searching for the Keyword: 'Factory Defaults / Reboot'
24-02-26 15:09:37 [DEBUG] Found and Clicked on the Result Containing 'Factory Defaults / Reboot'
24-02-26 15:13:07 [INFO] Try to Login Through WebGUI
24-02-26 15:13:09 [DEBUG] Device is in Factory Reset State
24-02-26 15:13:54 [DEBUG] Searching for the Keyword: 'List of IPv4 Firewall Rules'
24-02-26 15:13:55 [DEBUG] Found and Clicked on the Result Containing 'List of IPv4 Firewall Rules'
24-02-26 15:14:02 [INFO] Deleting IPv6 rule
24-02-26 15:14:02 [DEBUG] Searching for the Keyword: 'List of IPv6 Firewall Rules'
24-02-26 15:14:04 [DEBUG] Found and Clicked on the Result Containing 'List of IPv6 Firewall Rules'
24-02-26 15:14:10 [INFO] Deleting IPv4 rule
24-02-26 15:14:10 [DEBUG] Searching for the Keyword: 'List of IPv4 Firewall Rules'
24-02-26 15:14:11 [DEBUG] Found and Clicked on the Result Containing 'List of IPv4 Firewall Rules'
