24-02-23 10:42:23 [DEBUG] Initializing Chrome WebDriver
24-02-23 10:42:25 [INFO] Try to Login Through WebGUI
24-02-23 10:43:05 [INFO] Try to Login Through WebGUI
24-02-23 10:43:43 [ERROR] Error Occurred While Login Through WebGUI: catching classes that do not inherit from BaseException is not allowed
24-02-23 10:43:43 [INFO] Performing health check
24-02-23 10:43:43 [DEBUG] Retrieving Firmware Version.....
24-02-23 10:43:43 [DEBUG] Searching for the Keyword: 'WAN Information'
24-02-23 10:43:44 [DEBUG] Found and Clicked on the Result Containing 'WAN Information'
24-02-23 10:43:50 [INFO] Current firmware version: ARCNJIO_JIDU6101_D1.9.0
24-02-23 10:43:50 [DEBUG] Getting WAN IPv6 Information
24-02-23 10:43:50 [DEBUG] Searching for the Keyword: 'WAN Information'
24-02-23 10:43:52 [DEBUG] Found and Clicked on the Result Containing 'WAN Information'
24-02-23 10:43:58 [INFO] Successfully retrieved WAN IPv6 address: 2409:4090:17:1000:cf56:c63:de5c:c84d, 2409:4090:17:1208::/64
24-02-23 10:43:58 [DEBUG] Checking Ping 4 to google.com
24-02-23 10:44:17 [DEBUG]     Packets: Sent = 20, Received = 20, Lost = 0 (0% loss),
24-02-23 10:44:17 [INFO] Ping 4 Passed
24-02-23 10:44:17 [DEBUG] Checking Ping 6 to google.com
24-02-23 10:44:37 [DEBUG]     Packets: Sent = 20, Received = 20, Lost = 0 (0% loss),
24-02-23 10:44:37 [INFO] Ping 6 Passed
24-02-23 10:44:37 [INFO] Device health check completed successfully.
24-02-23 10:44:37 [DEBUG] Searching for the Keyword: 'Factory Defaults / Reboot'
24-02-23 10:44:38 [DEBUG] Found and Clicked on the Result Containing 'Factory Defaults / Reboot'
24-02-23 10:48:07 [INFO] Try to Login Through WebGUI
24-02-23 10:48:10 [DEBUG] Device is in Factory Reset State
24-02-23 10:48:54 [INFO] Performing health check
24-02-23 10:48:54 [DEBUG] Retrieving Firmware Version.....
24-02-23 10:48:54 [DEBUG] Searching for the Keyword: 'WAN Information'
24-02-23 10:48:56 [DEBUG] Found and Clicked on the Result Containing 'WAN Information'
24-02-23 10:49:02 [INFO] Current firmware version: ARCNJIO_JIDU6101_D1.9.0
24-02-23 10:49:02 [DEBUG] Getting WAN IPv6 Information
24-02-23 10:49:02 [DEBUG] Searching for the Keyword: 'WAN Information'
24-02-23 10:49:04 [DEBUG] Found and Clicked on the Result Containing 'WAN Information'
24-02-23 10:49:10 [INFO] Successfully retrieved WAN IPv6 address: 2409:4090:17:1000:cf56:c63:de5c:c84d, 2409:4090:17:1208::/64
24-02-23 10:49:10 [DEBUG] Checking Ping 4 to google.com
24-02-23 10:49:29 [DEBUG]     Packets: Sent = 20, Received = 20, Lost = 0 (0% loss),
24-02-23 10:49:29 [INFO] Ping 4 Passed
24-02-23 10:49:29 [DEBUG] Checking Ping 6 to google.com
24-02-23 10:49:48 [DEBUG]     Packets: Sent = 20, Received = 20, Lost = 0 (0% loss),
24-02-23 10:49:48 [INFO] Ping 6 Passed
24-02-23 10:49:48 [INFO] Device health check completed successfully.
24-02-23 10:49:48 [DEBUG] Searching for the Keyword: 'Factory Defaults / Reboot'
24-02-23 10:49:50 [DEBUG] Found and Clicked on the Result Containing 'Factory Defaults / Reboot'
24-02-23 10:53:19 [INFO] Try to Login Through WebGUI
24-02-23 10:53:21 [DEBUG] Device is in Factory Reset State
24-02-23 10:54:06 [INFO] Performing health check
24-02-23 10:54:06 [DEBUG] Retrieving Firmware Version.....
24-02-23 10:54:06 [DEBUG] Searching for the Keyword: 'WAN Information'
24-02-23 10:54:07 [DEBUG] Found and Clicked on the Result Containing 'WAN Information'
24-02-23 10:54:14 [INFO] Current firmware version: ARCNJIO_JIDU6101_D1.9.0
24-02-23 10:54:14 [DEBUG] Getting WAN IPv6 Information
24-02-23 10:54:14 [DEBUG] Searching for the Keyword: 'WAN Information'
24-02-23 10:54:15 [DEBUG] Found and Clicked on the Result Containing 'WAN Information'
24-02-23 10:54:21 [INFO] Successfully retrieved WAN IPv6 address: 2409:4090:17:1000:cf56:c63:de5c:c84d, 2409:4090:17:1208::/64
24-02-23 10:54:21 [DEBUG] Checking Ping 4 to google.com
24-02-23 10:54:40 [DEBUG]     Packets: Sent = 20, Received = 20, Lost = 0 (0% loss),
24-02-23 10:54:40 [INFO] Ping 4 Passed
24-02-23 10:54:40 [DEBUG] Checking Ping 6 to google.com
24-02-23 10:55:00 [DEBUG]     Packets: Sent = 20, Received = 20, Lost = 0 (0% loss),
24-02-23 10:55:00 [INFO] Ping 6 Passed
24-02-23 10:55:00 [INFO] Device health check completed successfully.
24-02-23 10:55:00 [INFO] Try to Login Through WebGUI
24-02-23 10:55:37 [ERROR] Error Occurred While Login Through WebGUI: catching classes that do not inherit from BaseException is not allowed
24-02-23 10:55:37 [INFO] Performing health check
24-02-23 10:55:37 [DEBUG] Retrieving Firmware Version.....
24-02-23 10:55:37 [DEBUG] Searching for the Keyword: 'WAN Information'
24-02-23 10:55:39 [DEBUG] Found and Clicked on the Result Containing 'WAN Information'
24-02-23 10:55:45 [INFO] Current firmware version: ARCNJIO_JIDU6101_D1.9.0
24-02-23 10:55:45 [DEBUG] Getting WAN IPv6 Information
24-02-23 10:55:45 [DEBUG] Searching for the Keyword: 'WAN Information'
24-02-23 10:55:46 [DEBUG] Found and Clicked on the Result Containing 'WAN Information'
24-02-23 10:55:52 [INFO] Successfully retrieved WAN IPv6 address: 2409:4090:17:1000:cf56:c63:de5c:c84d, 2409:4090:17:1208::/64
24-02-23 10:55:52 [DEBUG] Checking Ping 4 to google.com
24-02-23 10:56:11 [DEBUG]     Packets: Sent = 20, Received = 20, Lost = 0 (0% loss),
24-02-23 10:56:11 [INFO] Ping 4 Passed
24-02-23 10:56:11 [DEBUG] Checking Ping 6 to google.com
24-02-23 10:56:31 [DEBUG]     Packets: Sent = 20, Received = 20, Lost = 0 (0% loss),
24-02-23 10:56:31 [INFO] Ping 6 Passed
24-02-23 10:56:31 [INFO] Device health check completed successfully.
24-02-23 10:56:31 [DEBUG] Searching for the Keyword: 'Factory Defaults / Reboot'
24-02-23 10:56:32 [DEBUG] Found and Clicked on the Result Containing 'Factory Defaults / Reboot'
24-02-23 11:00:02 [INFO] Try to Login Through WebGUI
24-02-23 11:00:41 [INFO] Performing health check
24-02-23 11:00:41 [DEBUG] Retrieving Firmware Version.....
24-02-23 11:00:41 [DEBUG] Searching for the Keyword: 'WAN Information'
24-02-23 11:00:43 [DEBUG] Found and Clicked on the Result Containing 'WAN Information'
24-02-23 11:00:49 [INFO] Current firmware version: ARCNJIO_JIDU6101_D1.9.0
24-02-23 11:00:49 [DEBUG] Getting WAN IPv6 Information
24-02-23 11:00:49 [DEBUG] Searching for the Keyword: 'WAN Information'
24-02-23 11:00:50 [DEBUG] Found and Clicked on the Result Containing 'WAN Information'
24-02-23 11:00:56 [INFO] Successfully retrieved WAN IPv6 address: 2409:4090:17:1000:cf56:c63:de5c:c84d, 2409:4090:17:1208::/64
24-02-23 11:00:56 [DEBUG] Checking Ping 4 to google.com
24-02-23 11:01:16 [DEBUG]     Packets: Sent = 20, Received = 20, Lost = 0 (0% loss),
24-02-23 11:01:16 [INFO] Ping 4 Passed
24-02-23 11:01:16 [DEBUG] Checking Ping 6 to google.com
24-02-23 11:01:35 [DEBUG]     Packets: Sent = 20, Received = 20, Lost = 0 (0% loss),
24-02-23 11:01:35 [INFO] Ping 6 Passed
24-02-23 11:01:35 [INFO] Device health check completed successfully.
24-02-23 11:01:35 [DEBUG] Searching for the Keyword: 'Factory Defaults / Reboot'
24-02-23 11:01:37 [DEBUG] Found and Clicked on the Result Containing 'Factory Defaults / Reboot'
24-02-23 11:05:06 [INFO] Try to Login Through WebGUI
24-02-23 11:05:46 [INFO] Performing health check
24-02-23 11:05:46 [DEBUG] Retrieving Firmware Version.....
24-02-23 11:05:46 [DEBUG] Searching for the Keyword: 'WAN Information'
24-02-23 11:05:47 [DEBUG] Found and Clicked on the Result Containing 'WAN Information'
24-02-23 11:05:53 [INFO] Current firmware version: ARCNJIO_JIDU6101_D1.9.0
24-02-23 11:05:53 [DEBUG] Getting WAN IPv6 Information
24-02-23 11:05:53 [DEBUG] Searching for the Keyword: 'WAN Information'
24-02-23 11:05:55 [DEBUG] Found and Clicked on the Result Containing 'WAN Information'
24-02-23 11:06:01 [INFO] Successfully retrieved WAN IPv6 address: 2409:4090:17:1000:cf56:c63:de5c:c84d, 2409:4090:17:1208::/64
24-02-23 11:06:01 [DEBUG] Checking Ping 4 to google.com
24-02-23 11:06:20 [DEBUG]     Packets: Sent = 20, Received = 20, Lost = 0 (0% loss),
24-02-23 11:06:20 [INFO] Ping 4 Passed
24-02-23 11:06:20 [DEBUG] Checking Ping 6 to google.com
24-02-23 11:06:39 [DEBUG]     Packets: Sent = 20, Received = 20, Lost = 0 (0% loss),
24-02-23 11:06:39 [INFO] Ping 6 Passed
24-02-23 11:06:39 [INFO] Device health check completed successfully.
24-02-23 11:06:39 [INFO] Try to Login Through WebGUI
24-02-23 11:07:17 [ERROR] Error Occurred While Login Through WebGUI: catching classes that do not inherit from BaseException is not allowed
24-02-23 11:07:17 [INFO] Performing health check
24-02-23 11:07:17 [DEBUG] Retrieving Firmware Version.....
24-02-23 11:07:17 [DEBUG] Searching for the Keyword: 'WAN Information'
24-02-23 11:07:18 [DEBUG] Found and Clicked on the Result Containing 'WAN Information'
24-02-23 11:07:24 [INFO] Current firmware version: ARCNJIO_JIDU6101_D1.9.0
24-02-23 11:07:24 [DEBUG] Getting WAN IPv6 Information
24-02-23 11:07:24 [DEBUG] Searching for the Keyword: 'WAN Information'
24-02-23 11:07:26 [DEBUG] Found and Clicked on the Result Containing 'WAN Information'
24-02-23 11:07:32 [INFO] Successfully retrieved WAN IPv6 address: 2409:4090:17:1000:cf56:c63:de5c:c84d, 2409:4090:17:1208::/64
24-02-23 11:07:32 [DEBUG] Checking Ping 4 to google.com
24-02-23 11:07:51 [DEBUG]     Packets: Sent = 20, Received = 20, Lost = 0 (0% loss),
24-02-23 11:07:51 [INFO] Ping 4 Passed
24-02-23 11:07:51 [DEBUG] Checking Ping 6 to google.com
24-02-23 11:08:11 [DEBUG]     Packets: Sent = 20, Received = 20, Lost = 0 (0% loss),
24-02-23 11:08:11 [INFO] Ping 6 Passed
24-02-23 11:08:11 [INFO] Device health check completed successfully.
24-02-23 11:08:11 [DEBUG] Searching for the Keyword: 'WAN Information'
24-02-23 11:08:12 [DEBUG] Found and Clicked on the Result Containing 'WAN Information'
24-02-23 11:08:18 [DEBUG] Searching for the Keyword: 'Factory Defaults / Reboot'
24-02-23 11:08:19 [DEBUG] Found and Clicked on the Result Containing 'Factory Defaults / Reboot'
24-02-23 11:11:49 [INFO] Try to Login Through WebGUI
24-02-23 11:12:29 [DEBUG] Searching for the Keyword: 'WAN Information'
24-02-23 11:12:30 [DEBUG] Found and Clicked on the Result Containing 'WAN Information'
24-02-23 11:12:36 [DEBUG] Searching for the Keyword: 'Factory Defaults / Reboot'
24-02-23 11:12:38 [DEBUG] Found and Clicked on the Result Containing 'Factory Defaults / Reboot'
24-02-23 11:16:07 [INFO] Try to Login Through WebGUI
24-02-23 11:16:09 [DEBUG] Device is in Factory Reset State
24-02-23 11:16:54 [DEBUG] Searching for the Keyword: 'WAN Information'
24-02-23 11:16:55 [DEBUG] Found and Clicked on the Result Containing 'WAN Information'
24-02-23 11:17:01 [INFO] Try to Login Through WebGUI
24-02-23 11:17:39 [ERROR] Error Occurred While Login Through WebGUI: catching classes that do not inherit from BaseException is not allowed
24-02-23 11:17:39 [INFO] Performing health check
24-02-23 11:17:39 [DEBUG] Retrieving Firmware Version.....
24-02-23 11:17:39 [DEBUG] Searching for the Keyword: 'WAN Information'
24-02-23 11:17:40 [DEBUG] Found and Clicked on the Result Containing 'WAN Information'
24-02-23 11:17:46 [INFO] Current firmware version: ARCNJIO_JIDU6101_D1.9.0
24-02-23 11:17:46 [DEBUG] Getting WAN IPv6 Information
24-02-23 11:17:46 [DEBUG] Searching for the Keyword: 'WAN Information'
24-02-23 11:17:48 [DEBUG] Found and Clicked on the Result Containing 'WAN Information'
24-02-23 11:17:54 [INFO] Successfully retrieved WAN IPv6 address: 2409:4090:17:1000:cf56:c63:de5c:c84d, 2409:4090:17:1208::/64
24-02-23 11:17:54 [DEBUG] Checking Ping 4 to google.com
24-02-23 11:18:30 [DEBUG]     Packets: Sent = 20, Received = 20, Lost = 0 (0% loss),
24-02-23 11:18:30 [INFO] Ping 4 Passed
24-02-23 11:18:30 [DEBUG] Checking Ping 6 to google.com
24-02-23 11:19:05 [DEBUG]     Packets: Sent = 20, Received = 20, Lost = 0 (0% loss),
24-02-23 11:19:05 [INFO] Ping 6 Passed
24-02-23 11:19:05 [INFO] Device health check completed successfully.
24-02-23 11:19:07 [INFO] Try to Login Through WebGUI
24-02-23 11:19:47 [INFO] Performing health check
24-02-23 11:19:47 [DEBUG] Retrieving Firmware Version.....
24-02-23 11:19:47 [DEBUG] Searching for the Keyword: 'WAN Information'
24-02-23 11:19:49 [DEBUG] Found and Clicked on the Result Containing 'WAN Information'
24-02-23 11:19:55 [INFO] Current firmware version: ARCNJIO_JIDU6101_D1.9.0
24-02-23 11:19:55 [DEBUG] Getting WAN IPv6 Information
24-02-23 11:19:55 [DEBUG] Searching for the Keyword: 'WAN Information'
24-02-23 11:19:56 [DEBUG] Found and Clicked on the Result Containing 'WAN Information'
24-02-23 11:20:02 [INFO] Successfully retrieved WAN IPv6 address: 2409:4090:17:1000:cf56:c63:de5c:c84d, 2409:4090:17:1208::/64
24-02-23 11:20:02 [DEBUG] Checking Ping 4 to google.com
24-02-23 11:20:21 [DEBUG]     Packets: Sent = 20, Received = 20, Lost = 0 (0% loss),
24-02-23 11:20:21 [INFO] Ping 4 Passed
24-02-23 11:20:21 [DEBUG] Checking Ping 6 to google.com
24-02-23 11:20:41 [DEBUG]     Packets: Sent = 20, Received = 20, Lost = 0 (0% loss),
24-02-23 11:20:41 [INFO] Ping 6 Passed
24-02-23 11:20:41 [INFO] Device health check completed successfully.
24-02-23 11:20:41 [DEBUG] Searching for the Keyword: 'Time Configuration'
24-02-23 11:20:42 [DEBUG] Found and Clicked on the Result Containing 'Time Configuration'
24-02-23 11:20:48 [INFO] Try to Login Through WebGUI
24-02-23 11:21:26 [ERROR] Error Occurred While Login Through WebGUI: catching classes that do not inherit from BaseException is not allowed
24-02-23 11:21:26 [INFO] Performing health check
24-02-23 11:21:26 [DEBUG] Retrieving Firmware Version.....
24-02-23 11:21:26 [DEBUG] Searching for the Keyword: 'WAN Information'
24-02-23 11:21:27 [DEBUG] Found and Clicked on the Result Containing 'WAN Information'
24-02-23 11:21:33 [INFO] Current firmware version: ARCNJIO_JIDU6101_D1.9.0
24-02-23 11:21:33 [DEBUG] Getting WAN IPv6 Information
24-02-23 11:21:33 [DEBUG] Searching for the Keyword: 'WAN Information'
24-02-23 11:21:35 [DEBUG] Found and Clicked on the Result Containing 'WAN Information'
24-02-23 11:21:41 [INFO] Successfully retrieved WAN IPv6 address: 2409:4090:17:1000:cf56:c63:de5c:c84d, 2409:4090:17:1208::/64
24-02-23 11:21:41 [DEBUG] Checking Ping 4 to google.com
24-02-23 11:22:15 [DEBUG]     Packets: Sent = 20, Received = 20, Lost = 0 (0% loss),
24-02-23 11:22:15 [INFO] Ping 4 Passed
24-02-23 11:22:15 [DEBUG] Checking Ping 6 to google.com
24-02-23 11:22:49 [DEBUG]     Packets: Sent = 20, Received = 20, Lost = 0 (0% loss),
24-02-23 11:22:49 [INFO] Ping 6 Passed
24-02-23 11:22:49 [INFO] Device health check completed successfully.
24-02-23 11:22:49 [DEBUG] Searching for the Keyword: 'Firmware Upgrade'
24-02-23 11:22:50 [DEBUG] Found and Clicked on the Result Containing 'Firmware Upgrade'
24-02-23 11:23:46 [INFO] Try to Login Through WebGUI
24-02-23 11:24:24 [ERROR] Error Occurred While Login Through WebGUI: catching classes that do not inherit from BaseException is not allowed
24-02-23 11:24:24 [DEBUG] Retrieving Firmware Version.....
24-02-23 11:24:24 [DEBUG] Searching for the Keyword: 'WAN Information'
24-02-23 11:24:25 [DEBUG] Found and Clicked on the Result Containing 'WAN Information'
24-02-23 11:24:31 [INFO] Current firmware version: ARCNJIO_JIDU6101_D1.9.0
24-02-23 11:24:31 [DEBUG] Searching for the Keyword: 'Firmware Upgrade'
24-02-23 11:24:33 [DEBUG] Found and Clicked on the Result Containing 'Firmware Upgrade'
24-02-23 11:25:29 [INFO] Try to Login Through WebGUI
24-02-23 11:26:06 [ERROR] Error Occurred While Login Through WebGUI: catching classes that do not inherit from BaseException is not allowed
24-02-23 11:26:06 [DEBUG] Retrieving Firmware Version.....
24-02-23 11:26:06 [DEBUG] Searching for the Keyword: 'WAN Information'
24-02-23 11:26:08 [DEBUG] Found and Clicked on the Result Containing 'WAN Information'
24-02-23 11:26:14 [INFO] Current firmware version: ARCNJIO_JIDU6101_D1.9.0
24-02-23 11:26:14 [INFO] Try to Login Through WebGUI
24-02-23 11:26:51 [ERROR] Error Occurred While Login Through WebGUI: catching classes that do not inherit from BaseException is not allowed
24-02-23 11:26:51 [INFO] Performing health check
24-02-23 11:26:51 [DEBUG] Retrieving Firmware Version.....
24-02-23 11:26:51 [DEBUG] Searching for the Keyword: 'WAN Information'
24-02-23 11:26:53 [DEBUG] Found and Clicked on the Result Containing 'WAN Information'
24-02-23 11:26:59 [INFO] Current firmware version: ARCNJIO_JIDU6101_D1.9.0
24-02-23 11:26:59 [DEBUG] Getting WAN IPv6 Information
24-02-23 11:26:59 [DEBUG] Searching for the Keyword: 'WAN Information'
24-02-23 11:27:00 [DEBUG] Found and Clicked on the Result Containing 'WAN Information'
24-02-23 11:27:06 [INFO] Successfully retrieved WAN IPv6 address: 2409:4090:17:1000:cf56:c63:de5c:c84d, 2409:4090:17:1208::/64
24-02-23 11:27:06 [DEBUG] Checking Ping 4 to google.com
24-02-23 11:27:26 [DEBUG]     Packets: Sent = 20, Received = 20, Lost = 0 (0% loss),
24-02-23 11:27:26 [INFO] Ping 4 Passed
24-02-23 11:27:26 [DEBUG] Checking Ping 6 to google.com
24-02-23 11:27:45 [DEBUG]     Packets: Sent = 20, Received = 20, Lost = 0 (0% loss),
24-02-23 11:27:45 [INFO] Ping 6 Passed
24-02-23 11:27:45 [INFO] Device health check completed successfully.
24-02-23 11:27:45 [INFO] Try to Login Through WebGUI
24-02-23 11:28:22 [ERROR] Error Occurred While Login Through WebGUI: catching classes that do not inherit from BaseException is not allowed
24-02-23 11:28:22 [INFO] Performing health check
24-02-23 11:28:22 [DEBUG] Retrieving Firmware Version.....
24-02-23 11:28:22 [DEBUG] Searching for the Keyword: 'WAN Information'
24-02-23 11:28:24 [DEBUG] Found and Clicked on the Result Containing 'WAN Information'
24-02-23 11:28:30 [INFO] Current firmware version: ARCNJIO_JIDU6101_D1.9.0
24-02-23 11:28:30 [DEBUG] Getting WAN IPv6 Information
24-02-23 11:28:30 [DEBUG] Searching for the Keyword: 'WAN Information'
24-02-23 11:28:31 [DEBUG] Found and Clicked on the Result Containing 'WAN Information'
24-02-23 11:28:37 [INFO] Successfully retrieved WAN IPv6 address: 2409:4090:17:1000:cf56:c63:de5c:c84d, 2409:4090:17:1208::/64
24-02-23 11:28:37 [DEBUG] Checking Ping 4 to google.com
24-02-23 11:28:57 [DEBUG]     Packets: Sent = 20, Received = 20, Lost = 0 (0% loss),
24-02-23 11:28:57 [INFO] Ping 4 Passed
24-02-23 11:28:57 [DEBUG] Checking Ping 6 to google.com
24-02-23 11:29:17 [DEBUG]     Packets: Sent = 20, Received = 20, Lost = 0 (0% loss),
24-02-23 11:29:17 [INFO] Ping 6 Passed
24-02-23 11:29:17 [INFO] Device health check completed successfully.
24-02-23 11:29:17 [DEBUG] Searching for the Keyword: 'User Management'
24-02-23 11:29:19 [DEBUG] Found and Clicked on the Result Containing 'User Management'
24-02-23 11:30:16 [DEBUG] Searching for the Keyword: 'User Management'
24-02-23 11:30:18 [DEBUG] Found and Clicked on the Result Containing 'User Management'
24-02-23 11:30:57 [INFO] Try to Login Through WebGUI
24-02-23 11:31:37 [INFO] Performing health check
24-02-23 11:31:37 [DEBUG] Retrieving Firmware Version.....
24-02-23 11:31:37 [DEBUG] Searching for the Keyword: 'WAN Information'
24-02-23 11:31:38 [DEBUG] Found and Clicked on the Result Containing 'WAN Information'
24-02-23 11:31:44 [INFO] Current firmware version: ARCNJIO_JIDU6101_D1.9.0
24-02-23 11:31:44 [DEBUG] Getting WAN IPv6 Information
24-02-23 11:31:44 [DEBUG] Searching for the Keyword: 'WAN Information'
24-02-23 11:31:46 [DEBUG] Found and Clicked on the Result Containing 'WAN Information'
24-02-23 11:31:52 [INFO] Successfully retrieved WAN IPv6 address: 2409:4090:17:1000:cf56:c63:de5c:c84d, 2409:4090:17:1208::/64
24-02-23 11:31:52 [DEBUG] Checking Ping 4 to google.com
24-02-23 11:32:11 [DEBUG]     Packets: Sent = 20, Received = 20, Lost = 0 (0% loss),
24-02-23 11:32:11 [INFO] Ping 4 Passed
24-02-23 11:32:11 [DEBUG] Checking Ping 6 to google.com
24-02-23 11:32:30 [DEBUG]     Packets: Sent = 20, Received = 20, Lost = 0 (0% loss),
24-02-23 11:32:30 [INFO] Ping 6 Passed
24-02-23 11:32:30 [INFO] Device health check completed successfully.
24-02-23 11:32:30 [DEBUG] Searching for the Keyword: 'User Management'
24-02-23 11:32:32 [DEBUG] Found and Clicked on the Result Containing 'User Management'
24-02-23 11:33:32 [DEBUG] Searching for the Keyword: 'Wireless Configuration'
24-02-23 11:33:33 [DEBUG] Found and Clicked on the Result Containing 'Wireless Configuration'
24-02-23 11:33:42 [INFO] Try to Login Through WebGUI
24-02-23 11:34:21 [INFO] Performing health check
24-02-23 11:34:21 [DEBUG] Retrieving Firmware Version.....
24-02-23 11:34:21 [DEBUG] Searching for the Keyword: 'WAN Information'
24-02-23 11:34:23 [DEBUG] Found and Clicked on the Result Containing 'WAN Information'
24-02-23 11:34:29 [INFO] Current firmware version: ARCNJIO_JIDU6101_D1.9.0
24-02-23 11:34:29 [DEBUG] Getting WAN IPv6 Information
24-02-23 11:34:29 [DEBUG] Searching for the Keyword: 'WAN Information'
24-02-23 11:34:30 [DEBUG] Found and Clicked on the Result Containing 'WAN Information'
24-02-23 11:34:36 [INFO] Successfully retrieved WAN IPv6 address: 2409:4090:17:1000:cf56:c63:de5c:c84d, 2409:4090:17:1208::/64
24-02-23 11:34:36 [DEBUG] Checking Ping 4 to google.com
24-02-23 11:34:56 [DEBUG]     Packets: Sent = 20, Received = 20, Lost = 0 (0% loss),
24-02-23 11:34:56 [INFO] Ping 4 Passed
24-02-23 11:34:56 [DEBUG] Checking Ping 6 to google.com
24-02-23 11:35:15 [DEBUG]     Packets: Sent = 20, Received = 20, Lost = 0 (0% loss),
24-02-23 11:35:15 [INFO] Ping 6 Passed
24-02-23 11:35:15 [INFO] Device health check completed successfully.
24-02-23 11:35:15 [DEBUG] Searching for the Keyword: 'Factory Defaults / Reboot'
24-02-23 11:35:16 [DEBUG] Found and Clicked on the Result Containing 'Factory Defaults / Reboot'
24-02-23 11:35:55 [WARNING] Initiating DBG log collection after encountering an issue
24-02-23 11:35:59 [WARNING] DBG log collected at: 2024-02-23 11:35:59.463271
24-02-23 11:36:29 [INFO] Try to Login Through WebGUI
24-02-23 11:37:06 [ERROR] Error Occurred While Login Through WebGUI: catching classes that do not inherit from BaseException is not allowed
24-02-23 11:37:06 [INFO] Performing health check
24-02-23 11:37:06 [DEBUG] Retrieving Firmware Version.....
24-02-23 11:37:06 [DEBUG] Searching for the Keyword: 'WAN Information'
24-02-23 11:37:08 [DEBUG] Found and Clicked on the Result Containing 'WAN Information'
24-02-23 11:37:14 [INFO] Current firmware version: ARCNJIO_JIDU6101_D1.9.0
24-02-23 11:37:14 [DEBUG] Getting WAN IPv6 Information
24-02-23 11:37:14 [DEBUG] Searching for the Keyword: 'WAN Information'
24-02-23 11:37:15 [DEBUG] Found and Clicked on the Result Containing 'WAN Information'
24-02-23 11:37:21 [INFO] Successfully retrieved WAN IPv6 address: 2409:4090:17:1000:cf56:c63:de5c:c84d, 2409:4090:17:1208::/64
24-02-23 11:37:21 [DEBUG] Checking Ping 4 to google.com
24-02-23 11:37:41 [DEBUG]     Packets: Sent = 20, Received = 20, Lost = 0 (0% loss),
24-02-23 11:37:41 [INFO] Ping 4 Passed
24-02-23 11:37:41 [DEBUG] Checking Ping 6 to google.com
24-02-23 11:38:00 [DEBUG]     Packets: Sent = 20, Received = 20, Lost = 0 (0% loss),
24-02-23 11:38:00 [INFO] Ping 6 Passed
24-02-23 11:38:00 [INFO] Device health check completed successfully.
24-02-23 11:38:00 [DEBUG] Searching for the Keyword: 'Firmware Upgrade'
24-02-23 11:38:01 [DEBUG] Found and Clicked on the Result Containing 'Firmware Upgrade'
24-02-23 11:39:13 [INFO] Try to Login Through WebGUI
24-02-23 11:39:50 [ERROR] Error Occurred While Login Through WebGUI: catching classes that do not inherit from BaseException is not allowed
24-02-23 11:39:50 [DEBUG] Retrieving Firmware Version.....
24-02-23 11:39:50 [DEBUG] Searching for the Keyword: 'WAN Information'
24-02-23 11:39:52 [DEBUG] Found and Clicked on the Result Containing 'WAN Information'
24-02-23 11:39:58 [INFO] Current firmware version: ARCNJIO_JIDU6101_D1.9.0
24-02-23 11:39:58 [DEBUG] Searching for the Keyword: 'Firmware Upgrade'
24-02-23 11:39:59 [DEBUG] Found and Clicked on the Result Containing 'Firmware Upgrade'
24-02-23 11:41:11 [INFO] Try to Login Through WebGUI
24-02-23 11:41:48 [ERROR] Error Occurred While Login Through WebGUI: catching classes that do not inherit from BaseException is not allowed
24-02-23 11:41:48 [DEBUG] Retrieving Firmware Version.....
24-02-23 11:41:48 [DEBUG] Searching for the Keyword: 'WAN Information'
24-02-23 11:41:50 [DEBUG] Found and Clicked on the Result Containing 'WAN Information'
24-02-23 11:41:56 [INFO] Current firmware version: ARCNJIO_JIDU6101_D1.9.0
24-02-23 11:41:56 [INFO] Try to Login Through WebGUI
24-02-23 11:42:33 [ERROR] Error Occurred While Login Through WebGUI: catching classes that do not inherit from BaseException is not allowed
24-02-23 11:42:33 [INFO] Performing health check
24-02-23 11:42:33 [DEBUG] Retrieving Firmware Version.....
24-02-23 11:42:33 [DEBUG] Searching for the Keyword: 'WAN Information'
24-02-23 11:42:35 [DEBUG] Found and Clicked on the Result Containing 'WAN Information'
24-02-23 11:42:41 [INFO] Current firmware version: ARCNJIO_JIDU6101_D1.9.0
24-02-23 11:42:41 [DEBUG] Getting WAN IPv6 Information
24-02-23 11:42:41 [DEBUG] Searching for the Keyword: 'WAN Information'
24-02-23 11:42:42 [DEBUG] Found and Clicked on the Result Containing 'WAN Information'
24-02-23 11:42:48 [INFO] Successfully retrieved WAN IPv6 address: 2409:4090:17:1000:cf56:c63:de5c:c84d, 2409:4090:17:1208::/64
24-02-23 11:42:48 [DEBUG] Checking Ping 4 to google.com
24-02-23 11:43:08 [DEBUG]     Packets: Sent = 20, Received = 20, Lost = 0 (0% loss),
24-02-23 11:43:08 [INFO] Ping 4 Passed
24-02-23 11:43:08 [DEBUG] Checking Ping 6 to google.com
24-02-23 11:43:27 [DEBUG]     Packets: Sent = 20, Received = 20, Lost = 0 (0% loss),
24-02-23 11:43:27 [INFO] Ping 6 Passed
24-02-23 11:43:27 [INFO] Device health check completed successfully.
24-02-23 11:43:27 [DEBUG] Searching for the Keyword: 'Factory Defaults / Reboot'
24-02-23 11:43:28 [DEBUG] Found and Clicked on the Result Containing 'Factory Defaults / Reboot'
24-02-23 11:47:13 [INFO] Try to Login Through WebGUI
24-02-23 11:47:53 [INFO] Performing health check
24-02-23 11:47:53 [DEBUG] Retrieving Firmware Version.....
24-02-23 11:47:53 [DEBUG] Searching for the Keyword: 'WAN Information'
24-02-23 11:47:55 [DEBUG] Found and Clicked on the Result Containing 'WAN Information'
24-02-23 11:48:01 [INFO] Current firmware version: ARCNJIO_JIDU6101_D1.9.0
24-02-23 11:48:01 [DEBUG] Getting WAN IPv6 Information
24-02-23 11:48:01 [DEBUG] Searching for the Keyword: 'WAN Information'
24-02-23 11:48:02 [DEBUG] Found and Clicked on the Result Containing 'WAN Information'
24-02-23 11:48:08 [INFO] Successfully retrieved WAN IPv6 address: 2409:4090:17:1000:cf56:c63:de5c:c84d, 2409:4090:17:1208::/64
24-02-23 11:48:08 [DEBUG] Checking Ping 4 to google.com
24-02-23 11:48:28 [DEBUG]     Packets: Sent = 20, Received = 20, Lost = 0 (0% loss),
24-02-23 11:48:28 [INFO] Ping 4 Passed
24-02-23 11:48:28 [DEBUG] Checking Ping 6 to google.com
24-02-23 11:48:47 [DEBUG]     Packets: Sent = 20, Received = 20, Lost = 0 (0% loss),
24-02-23 11:48:47 [INFO] Ping 6 Passed
24-02-23 11:48:47 [INFO] Device health check completed successfully.
24-02-23 11:48:47 [DEBUG] Searching for the Keyword: 'Factory Defaults / Reboot'
24-02-23 11:48:48 [DEBUG] Found and Clicked on the Result Containing 'Factory Defaults / Reboot'
24-02-23 11:49:26 [INFO] Try to Login Through WebGUI
24-02-23 11:50:03 [ERROR] Error Occurred While Login Through WebGUI: catching classes that do not inherit from BaseException is not allowed
24-02-23 11:50:03 [INFO] Performing health check
24-02-23 11:50:03 [DEBUG] Retrieving Firmware Version.....
24-02-23 11:50:03 [DEBUG] Searching for the Keyword: 'WAN Information'
24-02-23 11:50:05 [DEBUG] Found and Clicked on the Result Containing 'WAN Information'
24-02-23 11:50:11 [INFO] Current firmware version: ARCNJIO_JIDU6101_D1.9.0
24-02-23 11:50:11 [DEBUG] Getting WAN IPv6 Information
24-02-23 11:50:11 [DEBUG] Searching for the Keyword: 'WAN Information'
24-02-23 11:50:13 [DEBUG] Found and Clicked on the Result Containing 'WAN Information'
24-02-23 11:50:19 [INFO] Successfully retrieved WAN IPv6 address: 2409:4090:17:1000:cf56:c63:de5c:c84d, 2409:4090:17:1208::/64
24-02-23 11:50:19 [DEBUG] Checking Ping 4 to google.com
24-02-23 11:50:48 [DEBUG]     Packets: Sent = 20, Received = 20, Lost = 0 (0% loss),
24-02-23 11:50:48 [INFO] Ping 4 Passed
24-02-23 11:50:48 [DEBUG] Checking Ping 6 to google.com
24-02-23 11:51:07 [DEBUG]     Packets: Sent = 20, Received = 20, Lost = 0 (0% loss),
24-02-23 11:51:07 [INFO] Ping 6 Passed
24-02-23 11:51:07 [INFO] Device health check completed successfully.
24-02-23 11:51:07 [DEBUG] Searching for the Keyword: 'Default Policy'
24-02-23 11:51:08 [DEBUG] Found and Clicked on the Result Containing 'Default Policy'
24-02-23 11:51:31 [INFO] Try to Login Through WebGUI
24-02-23 11:52:08 [ERROR] Error Occurred While Login Through WebGUI: catching classes that do not inherit from BaseException is not allowed
24-02-23 11:52:08 [INFO] Performing health check
24-02-23 11:52:08 [DEBUG] Retrieving Firmware Version.....
24-02-23 11:52:08 [DEBUG] Searching for the Keyword: 'WAN Information'
24-02-23 11:52:09 [DEBUG] Found and Clicked on the Result Containing 'WAN Information'
24-02-23 11:52:15 [INFO] Current firmware version: ARCNJIO_JIDU6101_D1.9.0
24-02-23 11:52:15 [DEBUG] Getting WAN IPv6 Information
24-02-23 11:52:15 [DEBUG] Searching for the Keyword: 'WAN Information'
24-02-23 11:52:17 [DEBUG] Found and Clicked on the Result Containing 'WAN Information'
24-02-23 11:52:23 [INFO] Successfully retrieved WAN IPv6 address: 2409:4090:17:1000:cf56:c63:de5c:c84d, 2409:4090:17:1208::/64
24-02-23 11:52:23 [DEBUG] Checking Ping 4 to google.com
24-02-23 11:52:54 [DEBUG]     Packets: Sent = 20, Received = 20, Lost = 0 (0% loss),
24-02-23 11:52:54 [INFO] Ping 4 Passed
24-02-23 11:52:54 [DEBUG] Checking Ping 6 to google.com
24-02-23 11:53:26 [DEBUG]     Packets: Sent = 20, Received = 20, Lost = 0 (0% loss),
24-02-23 11:53:26 [INFO] Ping 6 Passed
24-02-23 11:53:26 [INFO] Device health check completed successfully.
24-02-23 11:53:26 [INFO] Adding IPv6 rule
24-02-23 11:53:26 [DEBUG] Searching for the Keyword: 'List of IPv6 Firewall Rules'
24-02-23 11:53:27 [DEBUG] Found and Clicked on the Result Containing 'List of IPv6 Firewall Rules'
24-02-23 11:53:55 [INFO] Adding IPv4 rule
24-02-23 11:53:55 [DEBUG] Searching for the Keyword: 'List of IPv4 Firewall Rules'
24-02-23 11:53:57 [ERROR] Error Occurred While Searching for the Keyword: 'List of IPv4 Firewall Rules': Message: element click intercepted: Element <input type="text" class="jioSearch" placeholder="Menu Search"> is not clickable at point (1680, 42). Other element would receive the click: <div class="jioWrtModalWindowContainer jioAddEditModal17086694135962324f28d-1f53-7cca-972d-12dd3bb9a3bf" style="display: grid;">...</div>
  (Session info: chrome=121.0.6167.187)
Stacktrace:
	GetHandleVerifier [0x00BA1673+52979]
	(No symbol) [0x00B27961]
	(No symbol) [0x00A0DD3D]
	(No symbol) [0x00A4B79B]
	(No symbol) [0x00A49EB7]
	(No symbol) [0x00A47F1B]
	(No symbol) [0x00A470BD]
	(No symbol) [0x00A3E010]
	(No symbol) [0x00A644EC]
	(No symbol) [0x00A3DA4E]
	(No symbol) [0x00A64784]
	(No symbol) [0x00A7B3FE]
	(No symbol) [0x00A64286]
	(No symbol) [0x00A3C063]
	(No symbol) [0x00A3CECD]
	GetHandleVerifier [0x00EB8D83+3294723]
	GetHandleVerifier [0x00EF6CC2+3548482]
	GetHandleVerifier [0x00EF1C9C+3527964]
	GetHandleVerifier [0x00C3870E+671630]
	(No symbol) [0x00B31EB4]
	(No symbol) [0x00B2D808]
	(No symbol) [0x00B2D92D]
	(No symbol) [0x00B1F7E0]
	BaseThreadInitThunk [0x76B6FCC9+25]
	RtlGetAppContainerNamedObjectPath [0x77467C5E+286]
	RtlGetAppContainerNamedObjectPath [0x77467C2E+238]

24-02-23 11:54:01 [DEBUG] Searching for the Keyword: 'Backup Settings'
24-02-23 11:54:03 [ERROR] Error Occurred While Searching for the Keyword: 'Backup Settings': Message: element click intercepted: Element <input type="text" class="jioSearch" placeholder="Menu Search"> is not clickable at point (1680, 42). Other element would receive the click: <div class="jioWrtModalWindowContainer jioAddEditModal17086694135962324f28d-1f53-7cca-972d-12dd3bb9a3bf" style="display: grid;">...</div>
  (Session info: chrome=121.0.6167.187)
Stacktrace:
	GetHandleVerifier [0x00BA1673+52979]
	(No symbol) [0x00B27961]
	(No symbol) [0x00A0DD3D]
	(No symbol) [0x00A4B79B]
	(No symbol) [0x00A49EB7]
	(No symbol) [0x00A47F1B]
	(No symbol) [0x00A470BD]
	(No symbol) [0x00A3E010]
	(No symbol) [0x00A644EC]
	(No symbol) [0x00A3DA4E]
	(No symbol) [0x00A64784]
	(No symbol) [0x00A7B3FE]
	(No symbol) [0x00A64286]
	(No symbol) [0x00A3C063]
	(No symbol) [0x00A3CECD]
	GetHandleVerifier [0x00EB8D83+3294723]
	GetHandleVerifier [0x00EF6CC2+3548482]
	GetHandleVerifier [0x00EF1C9C+3527964]
	GetHandleVerifier [0x00C3870E+671630]
	(No symbol) [0x00B31EB4]
	(No symbol) [0x00B2D808]
	(No symbol) [0x00B2D92D]
	(No symbol) [0x00B1F7E0]
	BaseThreadInitThunk [0x76B6FCC9+25]
	RtlGetAppContainerNamedObjectPath [0x77467C5E+286]
	RtlGetAppContainerNamedObjectPath [0x77467C2E+238]

24-02-23 11:54:19 [DEBUG] Searching for the Keyword: 'Factory Defaults / Reboot'
24-02-23 11:54:21 [ERROR] Error Occurred While Searching for the Keyword: 'Factory Defaults / Reboot': Message: element click intercepted: Element <input type="text" class="jioSearch" placeholder="Menu Search"> is not clickable at point (1680, 42). Other element would receive the click: <div class="jioWrtModalWindowContainer jioAddEditModal17086694135962324f28d-1f53-7cca-972d-12dd3bb9a3bf" style="display: grid;">...</div>
  (Session info: chrome=121.0.6167.187)
Stacktrace:
	GetHandleVerifier [0x00BA1673+52979]
	(No symbol) [0x00B27961]
	(No symbol) [0x00A0DD3D]
	(No symbol) [0x00A4B79B]
	(No symbol) [0x00A49EB7]
	(No symbol) [0x00A47F1B]
	(No symbol) [0x00A470BD]
	(No symbol) [0x00A3E010]
	(No symbol) [0x00A644EC]
	(No symbol) [0x00A3DA4E]
	(No symbol) [0x00A64784]
	(No symbol) [0x00A7B3FE]
	(No symbol) [0x00A64286]
	(No symbol) [0x00A3C063]
	(No symbol) [0x00A3CECD]
	GetHandleVerifier [0x00EB8D83+3294723]
	GetHandleVerifier [0x00EF6CC2+3548482]
	GetHandleVerifier [0x00EF1C9C+3527964]
	GetHandleVerifier [0x00C3870E+671630]
	(No symbol) [0x00B31EB4]
	(No symbol) [0x00B2D808]
	(No symbol) [0x00B2D92D]
	(No symbol) [0x00B1F7E0]
	BaseThreadInitThunk [0x76B6FCC9+25]
	RtlGetAppContainerNamedObjectPath [0x77467C5E+286]
	RtlGetAppContainerNamedObjectPath [0x77467C2E+238]

24-02-23 11:54:39 [INFO] Try to Login Through WebGUI
24-02-23 11:55:16 [ERROR] Error Occurred While Login Through WebGUI: catching classes that do not inherit from BaseException is not allowed
24-02-23 11:55:16 [DEBUG] Searching for the Keyword: 'List of IPv4 Firewall Rules'
24-02-23 11:55:18 [DEBUG] Found and Clicked on the Result Containing 'List of IPv4 Firewall Rules'
24-02-23 11:55:25 [DEBUG] Searching for the Keyword: 'Restore Settings'
24-02-23 11:55:26 [DEBUG] Found and Clicked on the Result Containing 'Restore Settings'
