24-02-19 12:29:05 [DEBUG] Initializing Chrome WebDriver
24-02-19 12:29:06 [INFO] Try to Login Through WebGUI
24-02-19 12:29:38 [DEBUG] ======================================================================================
24-02-19 12:29:38 [INFO] Validate date/time functionality in IDU
24-02-19 12:29:38 [INFO] Try to Login Through WebGUI
24-02-19 12:30:08 [INFO] Performing health check
24-02-19 12:30:08 [DEBUG] Retrieving Firmware Version.....
24-02-19 12:30:08 [DEBUG] Searching for the Keyword: 'WAN Information'
24-02-19 12:30:10 [DEBUG] Found and Clicked on the Result Containing 'WAN Information'
24-02-19 12:30:16 [INFO] Current firmware version: ARCNJIO_JIDU6101_D1.9.0
24-02-19 12:30:16 [DEBUG] Getting WAN IPv6 Information
24-02-19 12:30:16 [DEBUG] Searching for the Keyword: 'WAN Information'
24-02-19 12:30:17 [DEBUG] Found and Clicked on the Result Containing 'WAN Information'
24-02-19 12:30:23 [INFO] Successfully retrieved WAN IPv6 address: 2409:4090:17:1000:cf56:c63:de5c:c84d, 2409:4090:17:1208::/64
24-02-19 12:30:23 [DEBUG] Checking Ping 4 to google.com
24-02-19 12:30:42 [DEBUG]     Packets: Sent = 20, Received = 20, Lost = 0 (0% loss),
24-02-19 12:30:42 [INFO] Ping 4 Passed
24-02-19 12:30:42 [DEBUG] Checking Ping 6 to google.com
24-02-19 12:31:02 [DEBUG]     Packets: Sent = 20, Received = 20, Lost = 0 (0% loss),
24-02-19 12:31:02 [INFO] Ping 6 Passed
24-02-19 12:31:02 [INFO] Device health check completed successfully.
24-02-19 12:31:02 [DEBUG] Searching for the Keyword: 'Time Configuration'
24-02-19 12:31:03 [DEBUG] Found and Clicked on the Result Containing 'Time Configuration'
24-02-19 12:31:09 [INFO] Device current time : 2024-02-19 12:31:09.594534+05:30
24-02-19 12:31:09 [INFO] date/time functionality is working as expected
