24-02-23 12:09:59 [DEBUG] Initializing Chrome WebDriver
24-02-23 12:10:01 [INFO] Try to Login Through WebGUI
24-02-23 12:10:05 [DEBUG] Device is in Factory Reset State
24-02-23 12:10:50 [WARNING] ---------------------------------------------------------------------------------------------------
24-02-23 12:10:50 [WARNING]                               Execution Iteration 0                                        
24-02-23 12:10:50 [WARNING] ---------------------------------------------------------------------------------------------------
24-02-23 12:10:50 [DEBUG] ======================================================================================
24-02-23 12:10:50 [INFO] Validating multiple factory reset
24-02-23 12:10:50 [INFO] Try to Login Through WebGUI
24-02-23 12:11:27 [ERROR] Error Occurred While Login Through WebGUI: catching classes that do not inherit from BaseException is not allowed
24-02-23 12:11:27 [INFO] Performing health check
24-02-23 12:11:27 [DEBUG] Retrieving Firmware Version.....
24-02-23 12:11:27 [DEBUG] Searching for the Keyword: 'WAN Information'
24-02-23 12:11:28 [DEBUG] Found and Clicked on the Result Containing 'WAN Information'
24-02-23 12:11:34 [INFO] Current firmware version: ARCNJIO_JIDU6101_D1.9.0
24-02-23 12:11:34 [DEBUG] Getting WAN IPv6 Information
24-02-23 12:11:34 [DEBUG] Searching for the Keyword: 'WAN Information'
24-02-23 12:11:36 [DEBUG] Found and Clicked on the Result Containing 'WAN Information'
24-02-23 12:11:42 [INFO] Successfully retrieved WAN IPv6 address: 2409:4090:17:1000:cf56:c63:de5c:c84d, 2409:4090:17:1208::/64
24-02-23 12:11:42 [DEBUG] Checking Ping 4 to google.com
24-02-23 12:12:01 [DEBUG]     Packets: Sent = 20, Received = 20, Lost = 0 (0% loss),
24-02-23 12:12:01 [INFO] Ping 4 Passed
24-02-23 12:12:01 [DEBUG] Checking Ping 6 to google.com
24-02-23 12:12:20 [DEBUG]     Packets: Sent = 20, Received = 20, Lost = 0 (0% loss),
24-02-23 12:12:20 [INFO] Ping 6 Passed
24-02-23 12:12:20 [INFO] Device health check completed successfully.
24-02-23 12:12:20 [DEBUG] -------------1th Factory Reset---------------------
24-02-23 12:12:20 [INFO] Initiating device factory defaults
24-02-23 12:12:20 [DEBUG] Searching for the Keyword: 'Factory Defaults / Reboot'
24-02-23 12:12:22 [DEBUG] Found and Clicked on the Result Containing 'Factory Defaults / Reboot'
24-02-23 12:12:31 [DEBUG] Wait for the reset process to complete : 200s
24-02-23 12:15:51 [INFO] Try to Login Through WebGUI
24-02-23 12:15:53 [DEBUG] Device is in Factory Reset State
24-02-23 12:16:38 [INFO] Performing health check
24-02-23 12:16:38 [DEBUG] Retrieving Firmware Version.....
24-02-23 12:16:38 [DEBUG] Searching for the Keyword: 'WAN Information'
24-02-23 12:16:39 [DEBUG] Found and Clicked on the Result Containing 'WAN Information'
24-02-23 12:16:45 [INFO] Current firmware version: ARCNJIO_JIDU6101_D1.9.0
24-02-23 12:16:45 [DEBUG] Getting WAN IPv6 Information
24-02-23 12:16:45 [DEBUG] Searching for the Keyword: 'WAN Information'
24-02-23 12:16:47 [DEBUG] Found and Clicked on the Result Containing 'WAN Information'
24-02-23 12:16:53 [INFO] Successfully retrieved WAN IPv6 address: 2409:4090:17:1000:cf56:c63:de5c:c84d, 2409:4090:17:1208::/64
24-02-23 12:16:53 [DEBUG] Checking Ping 4 to google.com
24-02-23 12:17:12 [DEBUG]     Packets: Sent = 20, Received = 20, Lost = 0 (0% loss),
24-02-23 12:17:12 [INFO] Ping 4 Passed
24-02-23 12:17:12 [DEBUG] Checking Ping 6 to google.com
24-02-23 12:17:32 [DEBUG]     Packets: Sent = 20, Received = 20, Lost = 0 (0% loss),
24-02-23 12:17:32 [INFO] Ping 6 Passed
24-02-23 12:17:32 [INFO] Device health check completed successfully.
24-02-23 12:17:32 [DEBUG] -------------2th Factory Reset---------------------
24-02-23 12:17:32 [INFO] Initiating device factory defaults
24-02-23 12:17:32 [DEBUG] Searching for the Keyword: 'Factory Defaults / Reboot'
24-02-23 12:17:33 [DEBUG] Found and Clicked on the Result Containing 'Factory Defaults / Reboot'
24-02-23 12:17:43 [DEBUG] Wait for the reset process to complete : 200s
24-02-23 12:21:03 [INFO] Try to Login Through WebGUI
24-02-23 12:21:05 [DEBUG] Device is in Factory Reset State
24-02-23 12:21:50 [INFO] Performing health check
24-02-23 12:21:50 [DEBUG] Retrieving Firmware Version.....
24-02-23 12:21:50 [DEBUG] Searching for the Keyword: 'WAN Information'
24-02-23 12:21:51 [DEBUG] Found and Clicked on the Result Containing 'WAN Information'
24-02-23 12:21:57 [INFO] Current firmware version: ARCNJIO_JIDU6101_D1.9.0
24-02-23 12:21:57 [DEBUG] Getting WAN IPv6 Information
24-02-23 12:21:57 [DEBUG] Searching for the Keyword: 'WAN Information'
24-02-23 12:21:59 [DEBUG] Found and Clicked on the Result Containing 'WAN Information'
24-02-23 12:22:05 [INFO] Successfully retrieved WAN IPv6 address: 2409:4090:17:1000:cf56:c63:de5c:c84d, 2409:4090:17:1208::/64
24-02-23 12:22:05 [DEBUG] Checking Ping 4 to google.com
24-02-23 12:22:24 [DEBUG]     Packets: Sent = 20, Received = 20, Lost = 0 (0% loss),
24-02-23 12:22:24 [INFO] Ping 4 Passed
24-02-23 12:22:24 [DEBUG] Checking Ping 6 to google.com
24-02-23 12:22:43 [DEBUG]     Packets: Sent = 20, Received = 20, Lost = 0 (0% loss),
24-02-23 12:22:43 [INFO] Ping 6 Passed
24-02-23 12:22:43 [INFO] Device health check completed successfully.
24-02-23 12:22:43 [INFO] Successfully factory reset from Web GUI - 5 Iterations
24-02-23 12:22:43 [DEBUG] ======================================================================================
24-02-23 12:22:43 [INFO] Validating multiple reboot
24-02-23 12:22:43 [INFO] Try to Login Through WebGUI
24-02-23 12:23:21 [ERROR] Error Occurred While Login Through WebGUI: catching classes that do not inherit from BaseException is not allowed
24-02-23 12:23:21 [INFO] Performing health check
24-02-23 12:23:21 [DEBUG] Retrieving Firmware Version.....
24-02-23 12:23:21 [DEBUG] Searching for the Keyword: 'WAN Information'
24-02-23 12:23:22 [DEBUG] Found and Clicked on the Result Containing 'WAN Information'
24-02-23 12:23:28 [INFO] Current firmware version: ARCNJIO_JIDU6101_D1.9.0
24-02-23 12:23:28 [DEBUG] Getting WAN IPv6 Information
24-02-23 12:23:28 [DEBUG] Searching for the Keyword: 'WAN Information'
24-02-23 12:23:30 [DEBUG] Found and Clicked on the Result Containing 'WAN Information'
24-02-23 12:23:36 [INFO] Successfully retrieved WAN IPv6 address: 2409:4090:17:1000:cf56:c63:de5c:c84d, 2409:4090:17:1208::/64
24-02-23 12:23:36 [DEBUG] Checking Ping 4 to google.com
24-02-23 12:23:55 [DEBUG]     Packets: Sent = 20, Received = 20, Lost = 0 (0% loss),
24-02-23 12:23:55 [INFO] Ping 4 Passed
24-02-23 12:23:55 [DEBUG] Checking Ping 6 to google.com
24-02-23 12:24:14 [DEBUG]     Packets: Sent = 20, Received = 20, Lost = 0 (0% loss),
24-02-23 12:24:14 [INFO] Ping 6 Passed
24-02-23 12:24:14 [INFO] Device health check completed successfully.
24-02-23 12:24:14 [DEBUG] -------------1th Reboot---------------------
24-02-23 12:24:14 [INFO] Initiating device reboot
24-02-23 12:24:14 [DEBUG] Searching for the Keyword: 'Factory Defaults / Reboot'
24-02-23 12:24:16 [DEBUG] Found and Clicked on the Result Containing 'Factory Defaults / Reboot'
24-02-23 12:24:25 [DEBUG] Wait for the reboot process to complete : 200s
24-02-23 12:27:45 [INFO] Try to Login Through WebGUI
24-02-23 12:28:25 [INFO] Performing health check
24-02-23 12:28:25 [DEBUG] Retrieving Firmware Version.....
24-02-23 12:28:25 [DEBUG] Searching for the Keyword: 'WAN Information'
24-02-23 12:28:26 [DEBUG] Found and Clicked on the Result Containing 'WAN Information'
24-02-23 12:28:32 [INFO] Current firmware version: ARCNJIO_JIDU6101_D1.9.0
24-02-23 12:28:32 [DEBUG] Getting WAN IPv6 Information
24-02-23 12:28:32 [DEBUG] Searching for the Keyword: 'WAN Information'
24-02-23 12:28:34 [DEBUG] Found and Clicked on the Result Containing 'WAN Information'
24-02-23 12:28:40 [INFO] Successfully retrieved WAN IPv6 address: 2409:4090:17:1000:cf56:c63:de5c:c84d, 2409:4090:17:1208::/64
24-02-23 12:28:40 [DEBUG] Checking Ping 4 to google.com
24-02-23 12:28:59 [DEBUG]     Packets: Sent = 20, Received = 20, Lost = 0 (0% loss),
24-02-23 12:28:59 [INFO] Ping 4 Passed
24-02-23 12:28:59 [DEBUG] Checking Ping 6 to google.com
24-02-23 12:29:18 [DEBUG]     Packets: Sent = 20, Received = 20, Lost = 0 (0% loss),
24-02-23 12:29:18 [INFO] Ping 6 Passed
24-02-23 12:29:18 [INFO] Device health check completed successfully.
24-02-23 12:29:18 [DEBUG] -------------2th Reboot---------------------
24-02-23 12:29:18 [INFO] Initiating device reboot
24-02-23 12:29:18 [DEBUG] Searching for the Keyword: 'Factory Defaults / Reboot'
24-02-23 12:29:20 [DEBUG] Found and Clicked on the Result Containing 'Factory Defaults / Reboot'
24-02-23 12:29:29 [DEBUG] Wait for the reboot process to complete : 200s
24-02-23 12:32:49 [INFO] Try to Login Through WebGUI
24-02-23 12:33:29 [INFO] Performing health check
24-02-23 12:33:29 [DEBUG] Retrieving Firmware Version.....
24-02-23 12:33:29 [DEBUG] Searching for the Keyword: 'WAN Information'
24-02-23 12:33:30 [DEBUG] Found and Clicked on the Result Containing 'WAN Information'
24-02-23 12:33:36 [INFO] Current firmware version: ARCNJIO_JIDU6101_D1.9.0
24-02-23 12:33:36 [DEBUG] Getting WAN IPv6 Information
24-02-23 12:33:36 [DEBUG] Searching for the Keyword: 'WAN Information'
24-02-23 12:33:38 [DEBUG] Found and Clicked on the Result Containing 'WAN Information'
24-02-23 12:33:44 [INFO] Successfully retrieved WAN IPv6 address: 2409:4090:17:1000:cf56:c63:de5c:c84d, 2409:4090:17:1208::/64
24-02-23 12:33:44 [DEBUG] Checking Ping 4 to google.com
24-02-23 12:34:03 [DEBUG]     Packets: Sent = 20, Received = 20, Lost = 0 (0% loss),
24-02-23 12:34:03 [INFO] Ping 4 Passed
24-02-23 12:34:03 [DEBUG] Checking Ping 6 to google.com
24-02-23 12:34:22 [DEBUG]     Packets: Sent = 20, Received = 20, Lost = 0 (0% loss),
24-02-23 12:34:23 [INFO] Ping 6 Passed
24-02-23 12:34:23 [INFO] Device health check completed successfully.
24-02-23 12:34:23 [INFO] Successfully reboot from WebGUI - 5 Iterations
24-02-23 12:34:23 [DEBUG] ======================================================================================
24-02-23 12:34:23 [DEBUG] Validating MAC Address after Reboot and Reset
24-02-23 12:34:23 [INFO] Try to Login Through WebGUI
24-02-23 12:35:00 [ERROR] Error Occurred While Login Through WebGUI: catching classes that do not inherit from BaseException is not allowed
24-02-23 12:35:00 [INFO] Performing health check
24-02-23 12:35:00 [DEBUG] Retrieving Firmware Version.....
24-02-23 12:35:00 [DEBUG] Searching for the Keyword: 'WAN Information'
24-02-23 12:35:01 [DEBUG] Found and Clicked on the Result Containing 'WAN Information'
24-02-23 12:35:07 [INFO] Current firmware version: ARCNJIO_JIDU6101_D1.9.0
24-02-23 12:35:07 [DEBUG] Getting WAN IPv6 Information
24-02-23 12:35:07 [DEBUG] Searching for the Keyword: 'WAN Information'
24-02-23 12:35:09 [DEBUG] Found and Clicked on the Result Containing 'WAN Information'
24-02-23 12:35:15 [INFO] Successfully retrieved WAN IPv6 address: 2409:4090:17:1000:cf56:c63:de5c:c84d, 2409:4090:17:1208::/64
24-02-23 12:35:15 [DEBUG] Checking Ping 4 to google.com
24-02-23 12:35:34 [DEBUG]     Packets: Sent = 20, Received = 20, Lost = 0 (0% loss),
24-02-23 12:35:34 [INFO] Ping 4 Passed
24-02-23 12:35:34 [DEBUG] Checking Ping 6 to google.com
24-02-23 12:35:53 [DEBUG]     Packets: Sent = 20, Received = 20, Lost = 0 (0% loss),
24-02-23 12:35:53 [INFO] Ping 6 Passed
24-02-23 12:35:53 [INFO] Device health check completed successfully.
24-02-23 12:35:53 [DEBUG] Searching for the Keyword: 'WAN Information'
24-02-23 12:35:55 [DEBUG] Found and Clicked on the Result Containing 'WAN Information'
24-02-23 12:36:01 [DEBUG] WAN MAC Address before Reboot: dc:f5:1b:14:76:4a
24-02-23 12:36:01 [INFO] Initiating device reboot
24-02-23 12:36:01 [DEBUG] Searching for the Keyword: 'Factory Defaults / Reboot'
24-02-23 12:36:02 [DEBUG] Found and Clicked on the Result Containing 'Factory Defaults / Reboot'
24-02-23 12:36:12 [DEBUG] Wait for the reboot process to complete : 200s
24-02-23 12:39:32 [INFO] Try to Login Through WebGUI
24-02-23 12:40:12 [DEBUG] Searching for the Keyword: 'WAN Information'
24-02-23 12:40:13 [DEBUG] Found and Clicked on the Result Containing 'WAN Information'
24-02-23 12:40:19 [DEBUG] WAN MAC Address after Reboot: dc:f5:1b:14:76:4a
24-02-23 12:40:19 [INFO] WAN MAC Address is same after Reboot 
24-02-23 12:40:19 [INFO] Initiating device factory defaults
24-02-23 12:40:19 [DEBUG] Searching for the Keyword: 'Factory Defaults / Reboot'
24-02-23 12:40:21 [DEBUG] Found and Clicked on the Result Containing 'Factory Defaults / Reboot'
24-02-23 12:40:30 [DEBUG] Wait for the reset process to complete : 200s
24-02-23 12:43:50 [INFO] Try to Login Through WebGUI
24-02-23 12:43:52 [DEBUG] Device is in Factory Reset State
24-02-23 12:44:37 [DEBUG] Searching for the Keyword: 'WAN Information'
24-02-23 12:44:38 [DEBUG] Found and Clicked on the Result Containing 'WAN Information'
24-02-23 12:44:44 [DEBUG] WAN MAC Address after Reset: dc:f5:1b:14:76:4a
24-02-23 12:44:44 [INFO] WAN MAC Address is same after Factory Reset
24-02-23 12:44:44 [INFO] MAC Address is same after Reboot and Reset
24-02-23 12:44:44 [DEBUG] ======================================================================================
24-02-23 12:44:44 [INFO] Validating 'Logout' button functionality in WebGUI
24-02-23 12:44:44 [INFO] Try to Login Through WebGUI
24-02-23 12:45:22 [ERROR] Error Occurred While Login Through WebGUI: catching classes that do not inherit from BaseException is not allowed
24-02-23 12:45:22 [INFO] Performing health check
24-02-23 12:45:22 [DEBUG] Retrieving Firmware Version.....
24-02-23 12:45:22 [DEBUG] Searching for the Keyword: 'WAN Information'
24-02-23 12:45:23 [DEBUG] Found and Clicked on the Result Containing 'WAN Information'
24-02-23 12:45:29 [INFO] Current firmware version: ARCNJIO_JIDU6101_D1.9.0
24-02-23 12:45:29 [DEBUG] Getting WAN IPv6 Information
24-02-23 12:45:29 [DEBUG] Searching for the Keyword: 'WAN Information'
24-02-23 12:45:31 [DEBUG] Found and Clicked on the Result Containing 'WAN Information'
24-02-23 12:45:37 [INFO] Successfully retrieved WAN IPv6 address: 2409:4090:17:1000:cf56:c63:de5c:c84d, 2409:4090:17:1208::/64
24-02-23 12:45:37 [DEBUG] Checking Ping 4 to google.com
24-02-23 12:45:56 [DEBUG]     Packets: Sent = 20, Received = 20, Lost = 0 (0% loss),
24-02-23 12:45:56 [INFO] Ping 4 Passed
24-02-23 12:45:56 [DEBUG] Checking Ping 6 to google.com
24-02-23 12:46:15 [DEBUG]     Packets: Sent = 20, Received = 20, Lost = 0 (0% loss),
24-02-23 12:46:15 [INFO] Ping 6 Passed
24-02-23 12:46:15 [INFO] Device health check completed successfully.
24-02-23 12:46:18 [INFO] 'Logout' button functionality is working as expected
24-02-23 12:46:18 [DEBUG] ======================================================================================
24-02-23 12:46:18 [INFO] Validate date/time functionality in IDU
24-02-23 12:46:18 [INFO] Try to Login Through WebGUI
24-02-23 12:46:57 [INFO] Performing health check
24-02-23 12:46:57 [DEBUG] Retrieving Firmware Version.....
24-02-23 12:46:57 [DEBUG] Searching for the Keyword: 'WAN Information'
24-02-23 12:46:59 [DEBUG] Found and Clicked on the Result Containing 'WAN Information'
24-02-23 12:47:05 [INFO] Current firmware version: ARCNJIO_JIDU6101_D1.9.0
24-02-23 12:47:05 [DEBUG] Getting WAN IPv6 Information
24-02-23 12:47:05 [DEBUG] Searching for the Keyword: 'WAN Information'
24-02-23 12:47:06 [DEBUG] Found and Clicked on the Result Containing 'WAN Information'
24-02-23 12:47:12 [INFO] Successfully retrieved WAN IPv6 address: 2409:4090:17:1000:cf56:c63:de5c:c84d, 2409:4090:17:1208::/64
24-02-23 12:47:12 [DEBUG] Checking Ping 4 to google.com
24-02-23 12:47:32 [DEBUG]     Packets: Sent = 20, Received = 20, Lost = 0 (0% loss),
24-02-23 12:47:32 [INFO] Ping 4 Passed
24-02-23 12:47:32 [DEBUG] Checking Ping 6 to google.com
24-02-23 12:47:51 [DEBUG]     Packets: Sent = 20, Received = 20, Lost = 0 (0% loss),
24-02-23 12:47:51 [INFO] Ping 6 Passed
24-02-23 12:47:51 [INFO] Device health check completed successfully.
24-02-23 12:47:51 [DEBUG] Searching for the Keyword: 'Time Configuration'
24-02-23 12:47:52 [DEBUG] Found and Clicked on the Result Containing 'Time Configuration'
24-02-23 12:47:58 [INFO] Device current time : 2024-02-23 12:47:58.869371+05:30
24-02-23 12:47:58 [INFO] date/time functionality is working as expected
24-02-23 12:47:58 [DEBUG] ======================================================================================
24-02-23 12:47:58 [INFO] Validating Firmware Upgrade and Downgrade functionality
24-02-23 12:47:58 [INFO] Try to Login Through WebGUI
24-02-23 12:48:36 [ERROR] Error Occurred While Login Through WebGUI: catching classes that do not inherit from BaseException is not allowed
24-02-23 12:48:36 [INFO] Performing health check
24-02-23 12:48:36 [DEBUG] Retrieving Firmware Version.....
24-02-23 12:48:36 [DEBUG] Searching for the Keyword: 'WAN Information'
24-02-23 12:48:37 [DEBUG] Found and Clicked on the Result Containing 'WAN Information'
24-02-23 12:48:43 [INFO] Current firmware version: ARCNJIO_JIDU6101_D1.9.0
24-02-23 12:48:43 [DEBUG] Getting WAN IPv6 Information
24-02-23 12:48:43 [DEBUG] Searching for the Keyword: 'WAN Information'
24-02-23 12:48:45 [DEBUG] Found and Clicked on the Result Containing 'WAN Information'
24-02-23 12:48:51 [INFO] Successfully retrieved WAN IPv6 address: 2409:4090:17:1000:cf56:c63:de5c:c84d, 2409:4090:17:1208::/64
24-02-23 12:48:51 [DEBUG] Checking Ping 4 to google.com
24-02-23 12:49:10 [DEBUG]     Packets: Sent = 20, Received = 20, Lost = 0 (0% loss),
24-02-23 12:49:10 [INFO] Ping 4 Passed
24-02-23 12:49:10 [DEBUG] Checking Ping 6 to google.com
24-02-23 12:49:29 [DEBUG]     Packets: Sent = 20, Received = 20, Lost = 0 (0% loss),
24-02-23 12:49:29 [INFO] Ping 6 Passed
24-02-23 12:49:29 [INFO] Device health check completed successfully.
24-02-23 12:49:29 [INFO] Initiating firmware changing process
24-02-23 12:49:29 [DEBUG] Searching for the Keyword: 'Firmware Upgrade'
24-02-23 12:49:31 [DEBUG] Found and Clicked on the Result Containing 'Firmware Upgrade'
24-02-23 12:49:40 [DEBUG] Image File path entered successfully
24-02-23 12:49:54 [DEBUG] Signature File path entered successfully
24-02-23 12:50:12 [DEBUG] Wait for the upgrade process to complete : 200s
24-02-23 12:53:32 [INFO] Try to Login Through WebGUI
24-02-23 12:54:11 [DEBUG] Retrieving Firmware Version.....
24-02-23 12:54:11 [DEBUG] Searching for the Keyword: 'WAN Information'
24-02-23 12:54:13 [DEBUG] Found and Clicked on the Result Containing 'WAN Information'
24-02-23 12:54:19 [INFO] Current firmware version: ARCNJIO_JIDU6101_D1.8.5
24-02-23 12:54:19 [INFO] Firmware Downgraded Successfully to ARCNJIO_JIDU6101_D1.8.5
24-02-23 12:54:19 [INFO] Initiating firmware changing process
24-02-23 12:54:19 [DEBUG] Searching for the Keyword: 'Firmware Upgrade'
24-02-23 12:54:20 [DEBUG] Found and Clicked on the Result Containing 'Firmware Upgrade'
24-02-23 12:54:30 [DEBUG] Image File path entered successfully
24-02-23 12:54:44 [DEBUG] Signature File path entered successfully
24-02-23 12:55:01 [DEBUG] Wait for the upgrade process to complete : 200s
24-02-23 12:58:21 [INFO] Try to Login Through WebGUI
24-02-23 12:59:01 [DEBUG] Retrieving Firmware Version.....
24-02-23 12:59:01 [DEBUG] Searching for the Keyword: 'WAN Information'
24-02-23 12:59:03 [DEBUG] Found and Clicked on the Result Containing 'WAN Information'
24-02-23 12:59:09 [INFO] Current firmware version: ARCNJIO_JIDU6101_D1.9.0
24-02-23 12:59:09 [INFO] Firmware Upgraded Successfully to ARCNJIO_JIDU6101_D1.9.0
24-02-23 12:59:09 [INFO] Try to Login Through WebGUI
24-02-23 12:59:46 [ERROR] Error Occurred While Login Through WebGUI: catching classes that do not inherit from BaseException is not allowed
24-02-23 12:59:46 [INFO] Performing health check
24-02-23 12:59:46 [DEBUG] Retrieving Firmware Version.....
24-02-23 12:59:46 [DEBUG] Searching for the Keyword: 'WAN Information'
24-02-23 12:59:48 [DEBUG] Found and Clicked on the Result Containing 'WAN Information'
24-02-23 12:59:54 [INFO] Current firmware version: ARCNJIO_JIDU6101_D1.9.0
24-02-23 12:59:54 [DEBUG] Getting WAN IPv6 Information
24-02-23 12:59:54 [DEBUG] Searching for the Keyword: 'WAN Information'
24-02-23 12:59:55 [DEBUG] Found and Clicked on the Result Containing 'WAN Information'
24-02-23 13:00:01 [INFO] Successfully retrieved WAN IPv6 address: 2409:4090:17:1000:cf56:c63:de5c:c84d, 2409:4090:17:1208::/64
24-02-23 13:00:01 [DEBUG] Checking Ping 4 to google.com
24-02-23 13:00:20 [DEBUG]     Packets: Sent = 20, Received = 20, Lost = 0 (0% loss),
24-02-23 13:00:20 [INFO] Ping 4 Passed
24-02-23 13:00:20 [DEBUG] Checking Ping 6 to google.com
24-02-23 13:00:40 [DEBUG]     Packets: Sent = 20, Received = 20, Lost = 0 (0% loss),
24-02-23 13:00:40 [INFO] Ping 6 Passed
24-02-23 13:00:40 [INFO] Device health check completed successfully.
24-02-23 13:00:40 [INFO] Firmware Upgrade and Downgrade functionality is working as Expected
24-02-23 13:00:40 [DEBUG] ======================================================================================
24-02-23 13:00:40 [INFO] Validate administration user password management functionality
24-02-23 13:00:40 [INFO] Try to Login Through WebGUI
24-02-23 13:01:17 [ERROR] Error Occurred While Login Through WebGUI: catching classes that do not inherit from BaseException is not allowed
24-02-23 13:01:17 [INFO] Performing health check
24-02-23 13:01:17 [DEBUG] Retrieving Firmware Version.....
24-02-23 13:01:17 [DEBUG] Searching for the Keyword: 'WAN Information'
24-02-23 13:01:19 [DEBUG] Found and Clicked on the Result Containing 'WAN Information'
24-02-23 13:01:25 [INFO] Current firmware version: ARCNJIO_JIDU6101_D1.9.0
24-02-23 13:01:25 [DEBUG] Getting WAN IPv6 Information
24-02-23 13:01:25 [DEBUG] Searching for the Keyword: 'WAN Information'
24-02-23 13:01:26 [DEBUG] Found and Clicked on the Result Containing 'WAN Information'
24-02-23 13:01:32 [INFO] Successfully retrieved WAN IPv6 address: 2409:4090:17:1000:cf56:c63:de5c:c84d, 2409:4090:17:1208::/64
24-02-23 13:01:32 [DEBUG] Checking Ping 4 to google.com
24-02-23 13:01:51 [DEBUG]     Packets: Sent = 20, Received = 20, Lost = 0 (0% loss),
24-02-23 13:01:51 [INFO] Ping 4 Passed
24-02-23 13:01:51 [DEBUG] Checking Ping 6 to google.com
24-02-23 13:02:11 [DEBUG]     Packets: Sent = 20, Received = 20, Lost = 0 (0% loss),
24-02-23 13:02:11 [INFO] Ping 6 Passed
24-02-23 13:02:11 [INFO] Device health check completed successfully.
24-02-23 13:02:11 [DEBUG] Changing the admin credentials to:
Username: 'admin'
Password: 'PR@sant23' 
24-02-23 13:02:11 [DEBUG] Searching for the Keyword: 'User Management'
24-02-23 13:02:12 [DEBUG] Found and Clicked on the Result Containing 'User Management'
24-02-23 13:02:52 [INFO] Password changed successfully
24-02-23 13:02:52 [DEBUG] Attempting login with the new admin credentials:
Username: 'admin'
Password: 'PR@sant23'
24-02-23 13:03:10 [INFO] Successfully logged in with new credentials
24-02-23 13:03:10 [DEBUG] Reverting back the admin credentials to:
Username: 'admin'
Password: 'P@ssw0rd' 
24-02-23 13:03:10 [DEBUG] Searching for the Keyword: 'User Management'
24-02-23 13:03:11 [DEBUG] Found and Clicked on the Result Containing 'User Management'
24-02-23 13:03:51 [INFO] Password reverted back successfully
24-02-23 13:03:51 [INFO] Administration user password management functionality is working as expected
24-02-23 13:03:51 [DEBUG] ======================================================================================
24-02-23 13:03:51 [INFO] Validate Guest user password management functionality
24-02-23 13:03:51 [INFO] Try to Login Through WebGUI
24-02-23 13:04:31 [INFO] Performing health check
24-02-23 13:04:31 [DEBUG] Retrieving Firmware Version.....
24-02-23 13:04:31 [DEBUG] Searching for the Keyword: 'WAN Information'
24-02-23 13:04:32 [DEBUG] Found and Clicked on the Result Containing 'WAN Information'
24-02-23 13:04:38 [INFO] Current firmware version: ARCNJIO_JIDU6101_D1.9.0
24-02-23 13:04:38 [DEBUG] Getting WAN IPv6 Information
24-02-23 13:04:38 [DEBUG] Searching for the Keyword: 'WAN Information'
24-02-23 13:04:40 [DEBUG] Found and Clicked on the Result Containing 'WAN Information'
24-02-23 13:04:46 [INFO] Successfully retrieved WAN IPv6 address: 2409:4090:17:1000:cf56:c63:de5c:c84d, 2409:4090:17:1208::/64
24-02-23 13:04:46 [DEBUG] Checking Ping 4 to google.com
24-02-23 13:05:05 [DEBUG]     Packets: Sent = 20, Received = 20, Lost = 0 (0% loss),
24-02-23 13:05:05 [INFO] Ping 4 Passed
24-02-23 13:05:05 [DEBUG] Checking Ping 6 to google.com
24-02-23 13:05:24 [DEBUG]     Packets: Sent = 20, Received = 20, Lost = 0 (0% loss),
24-02-23 13:05:24 [INFO] Ping 6 Passed
24-02-23 13:05:24 [INFO] Device health check completed successfully.
24-02-23 13:05:24 [DEBUG] Changing the guest credentials to:
Username: 'guest'
Password: 'PR@sant23' 
24-02-23 13:05:24 [DEBUG] Searching for the Keyword: 'User Management'
24-02-23 13:05:26 [DEBUG] Found and Clicked on the Result Containing 'User Management'
24-02-23 13:06:07 [DEBUG] Attempting login with the new guest credentials:
Username: 'guest'
Password: 'PR@sant23'
24-02-23 13:06:26 [INFO] Successfully logged in with new credentials
24-02-23 13:06:26 [DEBUG] Searching for the Keyword: 'Wireless Configuration'
24-02-23 13:06:27 [DEBUG] Found and Clicked on the Result Containing 'Wireless Configuration'
24-02-23 13:06:33 [INFO] Unable to modify wireless config
24-02-23 13:06:33 [INFO] Administration user password management functionality is working as expected
24-02-23 13:06:36 [DEBUG] ======================================================================================
24-02-23 13:06:36 [INFO] Validating whether the device asks to change the password upon every factory reset from WebGUI
24-02-23 13:06:36 [INFO] Try to Login Through WebGUI
24-02-23 13:07:15 [INFO] Performing health check
24-02-23 13:07:15 [DEBUG] Retrieving Firmware Version.....
24-02-23 13:07:15 [DEBUG] Searching for the Keyword: 'WAN Information'
24-02-23 13:07:17 [DEBUG] Found and Clicked on the Result Containing 'WAN Information'
24-02-23 13:07:23 [INFO] Current firmware version: ARCNJIO_JIDU6101_D1.9.0
24-02-23 13:07:23 [DEBUG] Getting WAN IPv6 Information
24-02-23 13:07:23 [DEBUG] Searching for the Keyword: 'WAN Information'
24-02-23 13:07:24 [DEBUG] Found and Clicked on the Result Containing 'WAN Information'
24-02-23 13:07:30 [INFO] Successfully retrieved WAN IPv6 address: 2409:4090:17:1000:cf56:c63:de5c:c84d, 2409:4090:17:1208::/64
24-02-23 13:07:30 [DEBUG] Checking Ping 4 to google.com
24-02-23 13:07:50 [DEBUG]     Packets: Sent = 20, Received = 20, Lost = 0 (0% loss),
24-02-23 13:07:50 [INFO] Ping 4 Passed
24-02-23 13:07:50 [DEBUG] Checking Ping 6 to google.com
24-02-23 13:08:09 [DEBUG]     Packets: Sent = 20, Received = 20, Lost = 0 (0% loss),
24-02-23 13:08:09 [INFO] Ping 6 Passed
24-02-23 13:08:09 [INFO] Device health check completed successfully.
24-02-23 13:08:09 [INFO] Initiating device factory defaults
24-02-23 13:08:09 [DEBUG] Searching for the Keyword: 'Factory Defaults / Reboot'
24-02-23 13:08:10 [DEBUG] Found and Clicked on the Result Containing 'Factory Defaults / Reboot'
24-02-23 13:08:20 [DEBUG] Wait for the reset process to complete : 200s
24-02-23 13:11:40 [DEBUG] Try to login with the credentials
24-02-23 13:11:40 [DEBUG] Username : admin
24-02-23 13:11:40 [DEBUG] Password : P@ssw0rd
24-02-23 13:11:44 [INFO] As Expected, Device is showing Invalid Credentials!
24-02-23 13:11:46 [DEBUG] Try to login with the credentials
24-02-23 13:11:46 [DEBUG] Username : admin
24-02-23 13:11:46 [DEBUG] Password : Jiocentrum
24-02-23 13:11:49 [DEBUG] Device is on Update Passwords page
24-02-23 13:11:49 [INFO] Successfully, Device is asking to change the password upon factory reset
24-02-23 13:11:49 [DEBUG] ======================================================================================
24-02-23 13:11:49 [INFO] Validate whether the WebGUI is redirecting to Login page after Firmware upgrade from WebGUI
24-02-23 13:11:49 [INFO] Try to Login Through WebGUI
24-02-23 13:11:52 [DEBUG] Device is in Factory Reset State
24-02-23 13:12:36 [INFO] Performing health check
24-02-23 13:12:36 [DEBUG] Retrieving Firmware Version.....
24-02-23 13:12:36 [DEBUG] Searching for the Keyword: 'WAN Information'
24-02-23 13:12:38 [DEBUG] Found and Clicked on the Result Containing 'WAN Information'
24-02-23 13:12:44 [INFO] Current firmware version: ARCNJIO_JIDU6101_D1.9.0
24-02-23 13:12:44 [DEBUG] Getting WAN IPv6 Information
24-02-23 13:12:44 [DEBUG] Searching for the Keyword: 'WAN Information'
24-02-23 13:12:45 [DEBUG] Found and Clicked on the Result Containing 'WAN Information'
24-02-23 13:12:51 [INFO] Successfully retrieved WAN IPv6 address: 2409:4090:17:1000:cf56:c63:de5c:c84d, 2409:4090:17:1208::/64
24-02-23 13:12:51 [DEBUG] Checking Ping 4 to google.com
24-02-23 13:13:10 [DEBUG]     Packets: Sent = 20, Received = 20, Lost = 0 (0% loss),
24-02-23 13:13:10 [INFO] Ping 4 Passed
24-02-23 13:13:10 [DEBUG] Checking Ping 6 to google.com
24-02-23 13:13:30 [DEBUG]     Packets: Sent = 20, Received = 20, Lost = 0 (0% loss),
24-02-23 13:13:30 [INFO] Ping 6 Passed
24-02-23 13:13:30 [INFO] Device health check completed successfully.
24-02-23 13:13:30 [INFO] Initiating firmware changing process
24-02-23 13:13:30 [DEBUG] Searching for the Keyword: 'Firmware Upgrade'
24-02-23 13:13:31 [DEBUG] Found and Clicked on the Result Containing 'Firmware Upgrade'
24-02-23 13:13:41 [DEBUG] Image File path entered successfully
24-02-23 13:13:55 [DEBUG] Signature File path entered successfully
24-02-23 13:14:12 [DEBUG] Wait for the upgrade process to complete : 200s
24-02-23 13:17:32 [INFO] Try to Login Through WebGUI
24-02-23 13:18:12 [DEBUG] Retrieving Firmware Version.....
24-02-23 13:18:12 [DEBUG] Searching for the Keyword: 'WAN Information'
24-02-23 13:18:13 [DEBUG] Found and Clicked on the Result Containing 'WAN Information'
24-02-23 13:18:19 [INFO] Current firmware version: ARCNJIO_JIDU6101_D1.8.5
24-02-23 13:18:19 [DEBUG] Firmware Downgraded Successfully to ARCNJIO_JIDU6101_D1.8.5
24-02-23 13:18:19 [DEBUG] Reverting back to latest version
24-02-23 13:18:19 [INFO] Initiating firmware changing process
24-02-23 13:18:19 [DEBUG] Searching for the Keyword: 'Firmware Upgrade'
24-02-23 13:18:21 [DEBUG] Found and Clicked on the Result Containing 'Firmware Upgrade'
24-02-23 13:18:30 [DEBUG] Image File path entered successfully
24-02-23 13:18:45 [DEBUG] Signature File path entered successfully
24-02-23 13:19:02 [DEBUG] Wait for the upgrade process to complete : 200s
24-02-23 13:22:22 [INFO] Try to Login Through WebGUI
24-02-23 13:23:02 [DEBUG] Retrieving Firmware Version.....
24-02-23 13:23:02 [DEBUG] Searching for the Keyword: 'WAN Information'
24-02-23 13:23:03 [DEBUG] Found and Clicked on the Result Containing 'WAN Information'
24-02-23 13:23:09 [INFO] Current firmware version: ARCNJIO_JIDU6101_D1.9.0
24-02-23 13:23:09 [DEBUG] Firmware Upgraded Successfully to ARCNJIO_JIDU6101_D1.9.0
24-02-23 13:23:09 [INFO] WebGUI is successfully redirecting to Login page after Firmware upgrade from WebGUI
24-02-23 13:23:09 [DEBUG] ======================================================================================
24-02-23 13:23:09 [INFO] Validate whether the WebGUI is redirecting to Login page after Reboot from WebGUI
24-02-23 13:23:09 [INFO] Try to Login Through WebGUI
24-02-23 13:23:46 [ERROR] Error Occurred While Login Through WebGUI: catching classes that do not inherit from BaseException is not allowed
24-02-23 13:23:46 [INFO] Performing health check
24-02-23 13:23:46 [DEBUG] Retrieving Firmware Version.....
24-02-23 13:23:46 [DEBUG] Searching for the Keyword: 'WAN Information'
24-02-23 13:23:48 [DEBUG] Found and Clicked on the Result Containing 'WAN Information'
24-02-23 13:23:54 [INFO] Current firmware version: ARCNJIO_JIDU6101_D1.9.0
24-02-23 13:23:54 [DEBUG] Getting WAN IPv6 Information
24-02-23 13:23:54 [DEBUG] Searching for the Keyword: 'WAN Information'
24-02-23 13:23:56 [DEBUG] Found and Clicked on the Result Containing 'WAN Information'
24-02-23 13:24:02 [INFO] Successfully retrieved WAN IPv6 address: 2409:4090:17:1000:cf56:c63:de5c:c84d, 2409:4090:17:1208::/64
24-02-23 13:24:02 [DEBUG] Checking Ping 4 to google.com
24-02-23 13:24:21 [DEBUG]     Packets: Sent = 20, Received = 20, Lost = 0 (0% loss),
24-02-23 13:24:21 [INFO] Ping 4 Passed
24-02-23 13:24:21 [DEBUG] Checking Ping 6 to google.com
24-02-23 13:24:40 [DEBUG]     Packets: Sent = 20, Received = 20, Lost = 0 (0% loss),
24-02-23 13:24:40 [INFO] Ping 6 Passed
24-02-23 13:24:40 [INFO] Device health check completed successfully.
24-02-23 13:24:40 [INFO] Initiating device reboot
24-02-23 13:24:40 [DEBUG] Searching for the Keyword: 'Factory Defaults / Reboot'
24-02-23 13:24:42 [DEBUG] Found and Clicked on the Result Containing 'Factory Defaults / Reboot'
24-02-23 13:24:51 [DEBUG] Wait for the reboot process to complete : 200s
24-02-23 13:28:11 [INFO] WebGUI is successfully redirecting to Login page after Reboot from WebGUI
24-02-23 13:28:11 [DEBUG] ======================================================================================
24-02-23 13:28:11 [INFO] Validate whether the WebGUI is redirecting to Login page after Factory Reset from WebGUI
24-02-23 13:28:11 [INFO] Try to Login Through WebGUI
24-02-23 13:28:51 [INFO] Performing health check
24-02-23 13:28:51 [DEBUG] Retrieving Firmware Version.....
24-02-23 13:28:51 [DEBUG] Searching for the Keyword: 'WAN Information'
24-02-23 13:28:52 [DEBUG] Found and Clicked on the Result Containing 'WAN Information'
24-02-23 13:28:58 [INFO] Current firmware version: ARCNJIO_JIDU6101_D1.9.0
24-02-23 13:28:58 [DEBUG] Getting WAN IPv6 Information
24-02-23 13:28:58 [DEBUG] Searching for the Keyword: 'WAN Information'
24-02-23 13:29:00 [DEBUG] Found and Clicked on the Result Containing 'WAN Information'
24-02-23 13:29:06 [INFO] Successfully retrieved WAN IPv6 address: 2409:4090:17:1000:cf56:c63:de5c:c84d, 2409:4090:17:1208::/64
24-02-23 13:29:06 [DEBUG] Checking Ping 4 to google.com
24-02-23 13:29:25 [DEBUG]     Packets: Sent = 20, Received = 20, Lost = 0 (0% loss),
24-02-23 13:29:25 [INFO] Ping 4 Passed
24-02-23 13:29:25 [DEBUG] Checking Ping 6 to google.com
24-02-23 13:29:44 [DEBUG]     Packets: Sent = 20, Received = 20, Lost = 0 (0% loss),
24-02-23 13:29:44 [INFO] Ping 6 Passed
24-02-23 13:29:44 [INFO] Device health check completed successfully.
24-02-23 13:29:44 [INFO] Initiating device factory defaults
24-02-23 13:29:44 [DEBUG] Searching for the Keyword: 'Factory Defaults / Reboot'
24-02-23 13:29:46 [DEBUG] Found and Clicked on the Result Containing 'Factory Defaults / Reboot'
24-02-23 13:29:55 [DEBUG] Wait for the reset process to complete : 200s
24-02-23 13:33:15 [INFO] WebGUI is successfully redirecting to Login page after Factory Reset from WebGUI
24-02-23 13:33:15 [DEBUG] ======================================================================================
24-02-23 13:33:15 [INFO] Validate Default firewall functionality
24-02-23 13:33:15 [INFO] Try to Login Through WebGUI
24-02-23 13:33:18 [DEBUG] Device is in Factory Reset State
24-02-23 13:34:02 [INFO] Performing health check
24-02-23 13:34:02 [DEBUG] Retrieving Firmware Version.....
24-02-23 13:34:02 [DEBUG] Searching for the Keyword: 'WAN Information'
24-02-23 13:34:04 [DEBUG] Found and Clicked on the Result Containing 'WAN Information'
24-02-23 13:34:10 [INFO] Current firmware version: ARCNJIO_JIDU6101_D1.9.0
24-02-23 13:34:10 [DEBUG] Getting WAN IPv6 Information
24-02-23 13:34:10 [DEBUG] Searching for the Keyword: 'WAN Information'
24-02-23 13:34:11 [DEBUG] Found and Clicked on the Result Containing 'WAN Information'
24-02-23 13:34:17 [INFO] Successfully retrieved WAN IPv6 address: 2409:4090:17:1000:cf56:c63:de5c:c84d, 2409:4090:17:1208::/64
24-02-23 13:34:17 [DEBUG] Checking Ping 4 to google.com
24-02-23 13:34:36 [DEBUG]     Packets: Sent = 20, Received = 20, Lost = 0 (0% loss),
24-02-23 13:34:36 [INFO] Ping 4 Passed
24-02-23 13:34:36 [DEBUG] Checking Ping 6 to google.com
24-02-23 13:34:56 [DEBUG]     Packets: Sent = 20, Received = 20, Lost = 0 (0% loss),
24-02-23 13:34:56 [INFO] Ping 6 Passed
24-02-23 13:34:56 [INFO] Device health check completed successfully.
24-02-23 13:34:56 [DEBUG] Searching for the Keyword: 'Default Policy'
24-02-23 13:34:57 [DEBUG] Found and Clicked on the Result Containing 'Default Policy'
24-02-23 13:35:05 [DEBUG] Searching for the Keyword: 'Security Status'
24-02-23 13:35:07 [DEBUG] Found and Clicked on the Result Containing 'Security Status'
24-02-23 13:35:13 [INFO] Firewall Policy is changed to Block Always
24-02-23 13:35:13 [INFO] Checking website connectivity
24-02-23 13:35:34 [INFO] URL access is successful
24-02-23 13:35:34 [ERROR] Able to access the internet, Block Always functionality is NOT working as expected
24-02-23 13:35:44 [DEBUG] Searching for the Keyword: 'Default Policy'
24-02-23 13:35:45 [DEBUG] Found and Clicked on the Result Containing 'Default Policy'
24-02-23 13:35:54 [DEBUG] Searching for the Keyword: 'Security Status'
24-02-23 13:35:55 [DEBUG] Found and Clicked on the Result Containing 'Security Status'
24-02-23 13:36:01 [INFO] Firewall Policy is changed to Allow Always
24-02-23 13:36:01 [INFO] Checking website connectivity
24-02-23 13:36:23 [INFO] URL access is successful
24-02-23 13:36:23 [INFO] Able to access the internet, Allow Always functionality is working as expected
24-02-23 13:36:23 [ERROR] Default firewall functionality is NOT working as expected
24-02-23 13:36:23 [WARNING] Initiating DBG log collection after encountering an issue
24-02-23 13:36:27 [WARNING] DBG log collected at: 2024-02-23 13:36:27.738270
24-02-23 13:36:57 [DEBUG] ======================================================================================
24-02-23 13:36:57 [INFO] Validating after Factory Default functionality that the old configuration is removed from the IDU.
24-02-23 13:36:57 [INFO] Try to Login Through WebGUI
24-02-23 13:37:35 [ERROR] Error Occurred While Login Through WebGUI: catching classes that do not inherit from BaseException is not allowed
24-02-23 13:37:35 [INFO] Performing health check
24-02-23 13:37:35 [DEBUG] Retrieving Firmware Version.....
24-02-23 13:37:35 [DEBUG] Searching for the Keyword: 'WAN Information'
24-02-23 13:37:36 [DEBUG] Found and Clicked on the Result Containing 'WAN Information'
24-02-23 13:37:42 [INFO] Current firmware version: ARCNJIO_JIDU6101_D1.9.0
24-02-23 13:37:42 [DEBUG] Getting WAN IPv6 Information
24-02-23 13:37:42 [DEBUG] Searching for the Keyword: 'WAN Information'
24-02-23 13:37:44 [DEBUG] Found and Clicked on the Result Containing 'WAN Information'
24-02-23 13:37:50 [INFO] Successfully retrieved WAN IPv6 address: 2409:4090:17:1000:cf56:c63:de5c:c84d, 2409:4090:17:1208::/64
24-02-23 13:37:50 [DEBUG] Checking Ping 4 to google.com
24-02-23 13:38:09 [DEBUG]     Packets: Sent = 20, Received = 20, Lost = 0 (0% loss),
24-02-23 13:38:09 [INFO] Ping 4 Passed
24-02-23 13:38:09 [DEBUG] Checking Ping 6 to google.com
24-02-23 13:38:28 [DEBUG]     Packets: Sent = 20, Received = 20, Lost = 0 (0% loss),
24-02-23 13:38:28 [INFO] Ping 6 Passed
24-02-23 13:38:28 [INFO] Device health check completed successfully.
24-02-23 13:38:28 [INFO] Adding IPv6 rule
24-02-23 13:38:28 [DEBUG] Searching for the Keyword: 'List of IPv6 Firewall Rules'
24-02-23 13:38:30 [DEBUG] Found and Clicked on the Result Containing 'List of IPv6 Firewall Rules'
24-02-23 13:38:45 [INFO] IPv6 firewall rule added - Service: HTTPS, Action: Block Always, Rule Type: Inbound
24-02-23 13:38:50 [INFO] Adding IPv4 rule
24-02-23 13:38:50 [DEBUG] Searching for the Keyword: 'List of IPv4 Firewall Rules'
24-02-23 13:38:51 [DEBUG] Found and Clicked on the Result Containing 'List of IPv4 Firewall Rules'
24-02-23 13:39:04 [INFO] IPv4 firewall rule added - Service: HTTPS, Action: Block Always
24-02-23 13:39:09 [INFO] Initiating device backup
24-02-23 13:39:09 [DEBUG] Searching for the Keyword: 'Backup Settings'
24-02-23 13:39:10 [DEBUG] Found and Clicked on the Result Containing 'Backup Settings'
24-02-23 13:39:31 [DEBUG] Backup file found -> 'C:\Users\ontvi\Downloads\backup-jio-2024-02-23_enc.tar.gz'
24-02-23 13:39:31 [INFO] Backup process initiated successfully
24-02-23 13:39:31 [INFO] Initiating device factory defaults
24-02-23 13:39:31 [DEBUG] Searching for the Keyword: 'Factory Defaults / Reboot'
24-02-23 13:39:33 [DEBUG] Found and Clicked on the Result Containing 'Factory Defaults / Reboot'
24-02-23 13:39:42 [DEBUG] Wait for the reset process to complete : 200s
24-02-23 13:43:02 [INFO] Try to Login Through WebGUI
24-02-23 13:43:05 [DEBUG] Device is in Factory Reset State
24-02-23 13:43:49 [DEBUG] Searching for the Keyword: 'List of IPv4 Firewall Rules'
24-02-23 13:43:51 [DEBUG] Found and Clicked on the Result Containing 'List of IPv4 Firewall Rules'
24-02-23 13:43:58 [INFO] Old configuration removed successfully after reset.
24-02-23 13:43:58 [INFO] Initiating device restore, File Path: C:\Users\ontvi\Downloads\backup-jio-2024-02-23_enc.tar.gz
24-02-23 13:43:58 [DEBUG] Searching for the Keyword: 'Restore Settings'
24-02-23 13:43:59 [DEBUG] Found and Clicked on the Result Containing 'Restore Settings'
24-02-23 13:44:08 [DEBUG] File path entered successfully
24-02-23 13:44:11 [DEBUG] Wait for the Restore process to complete : 200s
24-02-23 13:47:31 [INFO] Try to Login Through WebGUI
24-02-23 13:48:10 [DEBUG] Searching for the Keyword: 'List of IPv4 Firewall Rules'
24-02-23 13:48:12 [DEBUG] Found and Clicked on the Result Containing 'List of IPv4 Firewall Rules'
24-02-23 13:48:19 [INFO] Old configuration restored successfully.
24-02-23 13:48:19 [INFO] Reset, Backup, and restore functionality working as expected.
24-02-23 13:48:19 [INFO] Deleting IPv6 rule
24-02-23 13:48:19 [DEBUG] Searching for the Keyword: 'List of IPv6 Firewall Rules'
24-02-23 13:48:21 [DEBUG] Found and Clicked on the Result Containing 'List of IPv6 Firewall Rules'
24-02-23 13:48:34 [INFO] IPv6 firewall rule Deleted
24-02-23 13:48:34 [INFO] Deleting IPv4 rule
24-02-23 13:48:34 [DEBUG] Searching for the Keyword: 'List of IPv4 Firewall Rules'
24-02-23 13:48:35 [DEBUG] Found and Clicked on the Result Containing 'List of IPv4 Firewall Rules'
24-02-23 13:48:49 [INFO] IPv4 firewall rule Deleted 
