24-02-19 15:07:07 [DEBUG] Initializing Chrome WebDriver
24-02-19 15:07:08 [INFO] Try to Login Through WebGUI
24-02-19 15:07:54 [DEBUG] ======================================================================================
24-02-19 15:07:54 [INFO] Validate administration user password management functionality
24-02-19 15:07:54 [INFO] Try to Login Through WebGUI
24-02-19 15:08:37 [ERROR] Error Occurred While Login Through WebGUI: catching classes that do not inherit from BaseException is not allowed
24-02-19 15:08:37 [INFO] Performing health check
24-02-19 15:08:37 [DEBUG] Retrieving Firmware Version.....
24-02-19 15:08:37 [DEBUG] Searching for the Keyword: 'WAN Information'
24-02-19 15:08:38 [DEBUG] Found and Clicked on the Result Containing 'WAN Information'
24-02-19 15:08:44 [INFO] Current firmware version: ARCNJIO_JIDU6101_D1.9.0
24-02-19 15:08:44 [DEBUG] Getting WAN IPv6 Information
24-02-19 15:08:44 [DEBUG] Searching for the Keyword: 'WAN Information'
24-02-19 15:08:46 [DEBUG] Found and Clicked on the Result Containing 'WAN Information'
24-02-19 15:08:52 [INFO] Successfully retrieved WAN IPv6 address: 2409:4090:17:1000:cf56:c63:de5c:c84d, 2409:4090:17:1208::/64
24-02-19 15:08:52 [DEBUG] Checking Ping 4 to google.com
24-02-19 15:09:11 [DEBUG]     Packets: Sent = 20, Received = 20, Lost = 0 (0% loss),
24-02-19 15:09:11 [INFO] Ping 4 Passed
24-02-19 15:09:11 [DEBUG] Checking Ping 6 to google.com
24-02-19 15:09:30 [DEBUG]     Packets: Sent = 20, Received = 20, Lost = 0 (0% loss),
24-02-19 15:09:30 [INFO] Ping 6 Passed
24-02-19 15:09:30 [INFO] Device health check completed successfully.
24-02-19 15:09:30 [DEBUG] Searching for the Keyword: 'User Management'
24-02-19 15:09:32 [DEBUG] Found and Clicked on the Result Containing 'User Management'
24-02-19 15:10:12 [INFO] Password has chnaged Succefully to 'PR@snt23' and device is logged out
24-02-19 15:10:12 [DEBUG] Try to login whith new passpwword
24-02-19 15:10:46 [INFO] Succefully logedin with new credential
24-02-19 15:10:46 [DEBUG] Revert back the password with its orignal 
24-02-19 15:10:46 [DEBUG] Searching for the Keyword: 'User Management'
24-02-19 15:11:02 [ERROR] Error Occurred While Searching for the Keyword: 'User Management': Message: Element not found within the specified timeout

24-02-19 15:11:19 [ERROR] Error occurred while executing functional_sanity_12: Message: Element not found within the specified timeout

24-02-19 15:11:19 [WARNING] Initiating DBG log collection after encountering an issue
24-02-19 15:11:19 [WARNING] DBG log collected at: 2024-02-19 15:11:19.356902
