24-02-19 12:55:40 [DEBUG] Initializing Chrome WebDriver
24-02-19 12:55:41 [INFO] Try to Login Through WebGUI
24-02-19 12:56:13 [DEBUG] ======================================================================================
24-02-19 12:56:13 [INFO] Validating Firmware Upgrade and Downgrade functionality
24-02-19 12:56:13 [INFO] Try to Login Through WebGUI
24-02-19 12:56:43 [INFO] Performing health check
24-02-19 12:56:43 [DEBUG] Retrieving Firmware Version.....
24-02-19 12:56:43 [DEBUG] Searching for the Keyword: 'WAN Information'
24-02-19 12:56:45 [DEBUG] Found and Clicked on the Result Containing 'WAN Information'
24-02-19 12:56:51 [INFO] Current firmware version: ARCNJIO_JIDU6101_D1.9.0
24-02-19 12:56:51 [DEBUG] Getting WAN IPv6 Information
24-02-19 12:56:51 [DEBUG] Searching for the Keyword: 'WAN Information'
24-02-19 12:56:53 [DEBUG] Found and Clicked on the Result Containing 'WAN Information'
24-02-19 12:56:59 [INFO] Successfully retrieved WAN IPv6 address: 2409:4090:17:1000:cf56:c63:de5c:c84d, 2409:4090:17:1208::/64
24-02-19 12:56:59 [DEBUG] Checking Ping 4 to google.com
24-02-19 12:57:18 [DEBUG]     Packets: Sent = 20, Received = 20, Lost = 0 (0% loss),
24-02-19 12:57:18 [INFO] Ping 4 Passed
24-02-19 12:57:18 [DEBUG] Checking Ping 6 to google.com
24-02-19 12:57:37 [DEBUG]     Packets: Sent = 20, Received = 20, Lost = 0 (0% loss),
24-02-19 12:57:37 [INFO] Ping 6 Passed
24-02-19 12:57:37 [INFO] Device health check completed successfully.
24-02-19 12:57:37 [INFO] Initiating firmware changing process
24-02-19 12:57:37 [DEBUG] Searching for the Keyword: 'Firmware Upgrade'
24-02-19 12:57:38 [DEBUG] Found and Clicked on the Result Containing 'Firmware Upgrade'
24-02-19 12:57:48 [DEBUG] Image File path entered successfully
24-02-19 12:58:02 [DEBUG] Signature File path entered successfully
24-02-19 12:58:34 [ERROR] An error occurred during firmware upgrade: Message: element not interactable
  (Session info: chrome=121.0.6167.185)
Stacktrace:
	GetHandleVerifier [0x00F01673+52979]
	(No symbol) [0x00E87961]
	(No symbol) [0x00D6DC00]
	(No symbol) [0x00DA6F63]
	(No symbol) [0x00D9E010]
	(No symbol) [0x00DC44EC]
	(No symbol) [0x00D9DA4E]
	(No symbol) [0x00DC4784]
	(No symbol) [0x00DDB3FE]
	(No symbol) [0x00DC4286]
	(No symbol) [0x00D9C063]
	(No symbol) [0x00D9CECD]
	GetHandleVerifier [0x01218D83+3294723]
	GetHandleVerifier [0x01256CC2+3548482]
	GetHandleVerifier [0x01251C9C+3527964]
	GetHandleVerifier [0x00F9870E+671630]
	(No symbol) [0x00E91EB4]
	(No symbol) [0x00E8D808]
	(No symbol) [0x00E8D92D]
	(No symbol) [0x00E7F7E0]
	BaseThreadInitThunk [0x758FFCC9+25]
	RtlGetAppContainerNamedObjectPath [0x77047C5E+286]
	RtlGetAppContainerNamedObjectPath [0x77047C2E+238]

24-02-19 12:58:34 [INFO] Try to Login Through WebGUI
