24-02-19 12:07:36 [DEBUG] Initializing Chrome WebDriver
24-02-19 12:07:37 [DEBUG] ======================================================================================
24-02-19 12:07:37 [INFO] Validate date/time functionality in IDU
24-02-19 12:07:37 [INFO] Try to Login Through WebGUI
24-02-19 12:08:09 [INFO] Performing health check
24-02-19 12:08:09 [DEBUG] Retrieving Firmware Version.....
24-02-19 12:08:09 [DEBUG] Searching for the Keyword: 'WAN Information'
24-02-19 12:08:10 [DEBUG] Found and Clicked on the Result Containing 'WAN Information'
24-02-19 12:08:16 [INFO] Current firmware version: ARCNJIO_JIDU6101_D1.9.0
24-02-19 12:08:16 [DEBUG] Getting WAN IPv6 Information
24-02-19 12:08:16 [DEBUG] Searching for the Keyword: 'WAN Information'
24-02-19 12:08:18 [DEBUG] Found and Clicked on the Result Containing 'WAN Information'
24-02-19 12:08:24 [INFO] Successfully retrieved WAN IPv6 address: 2409:4090:17:1000:cf56:c63:de5c:c84d, 2409:4090:17:1208::/64
24-02-19 12:08:24 [DEBUG] Checking Ping 4 to google.com
24-02-19 12:08:43 [DEBUG]     Packets: Sent = 20, Received = 20, Lost = 0 (0% loss),
24-02-19 12:08:43 [INFO] Ping 4 Passed
24-02-19 12:08:43 [DEBUG] Checking Ping 6 to google.com
24-02-19 12:09:02 [DEBUG]     Packets: Sent = 20, Received = 20, Lost = 0 (0% loss),
24-02-19 12:09:02 [INFO] Ping 6 Passed
24-02-19 12:09:02 [INFO] Device health check completed successfully.
24-02-19 12:09:02 [DEBUG] Searching for the Keyword: 'Date & Time Configuration'
24-02-19 12:09:04 [WARNING] No Search Result Found for Keyword: 'Date & Time Configuration'
24-02-19 12:09:20 [ERROR] Error occurred while executing functional_sanity_12: Message: Element not found within the specified timeout

24-02-19 12:09:20 [WARNING] Initiating DBG log collection after encountering an issue
24-02-19 12:09:25 [WARNING] DBG log collected at: 2024-02-19 12:09:25.068791
