24-03-04 15:16:02 [DEBUG] Initializing Chrome WebDriver
24-03-04 15:16:03 [DEBUG] Attempting to login through WebGUI
24-03-04 15:16:30 [INFO] Successfully logged in through WebGUI.
24-03-04 15:16:40 [DEBUG] Searching for the keyword: 'Firmware Upgrade'
24-03-04 15:17:20 [DEBUG] Searching for the keyword: 'List of IPv4 Firewall Rules'
24-03-04 15:17:50 [DEBUG] Searching for the keyword: 'Wireless Configuraon'
24-03-04 15:18:47 [WARNING] No search result found for keyword: 'Wireless Configuraon'
24-03-04 15:19:02 [DEBUG] Searching for the keyword: 'WAN Information'
24-03-04 15:20:04 [DEBUG] Searching for the keyword: 'Date & Time Configuration'
24-03-04 15:21:01 [WARNING] No search result found for keyword: 'Date & Time Configuration'
24-03-04 15:21:16 [DEBUG] Searching for the keyword: 'Default Policy'
24-03-04 15:21:45 [DEBUG] Searching for the keyword: 'List of Port Forwarding'
24-03-04 15:22:17 [DEBUG] Searching for the keyword: 'LAN Information'
24-03-04 15:23:17 [DEBUG] Searching for the keyword: 'Firmware Upgrade'
24-03-04 15:23:57 [DEBUG] Searching for the keyword: 'List of IPv4 Firewall Rules'
24-03-04 15:24:27 [DEBUG] Searching for the keyword: 'Wireless Configuraon'
24-03-04 15:25:24 [WARNING] No search result found for keyword: 'Wireless Configuraon'
24-03-04 15:25:39 [DEBUG] Searching for the keyword: 'Restore Settings'
24-03-04 15:26:15 [DEBUG] Searching for the keyword: 'Firmware Upgrade'
24-03-04 15:26:55 [DEBUG] Searching for the keyword: 'Backup Settings'
24-03-04 15:27:30 [DEBUG] Searching for the keyword: 'Wireless Configuraon'
24-03-04 15:28:27 [WARNING] No search result found for keyword: 'Wireless Configuraon'
24-03-04 15:28:42 [DEBUG] Searching for the keyword: 'WAN Information'
24-03-04 15:29:44 [DEBUG] Searching for the keyword: 'Ping6 / Traceroute6'
24-03-04 15:30:26 [DEBUG] Searching for the keyword: 'List of IPv4 Firewall Rules'
24-03-04 15:30:56 [DEBUG] Searching for the keyword: 'Wireless Configuraon'
24-03-04 15:31:53 [WARNING] No search result found for keyword: 'Wireless Configuraon'
24-03-04 15:32:08 [DEBUG] Searching for the keyword: 'WAN Information'
