24-02-19 16:05:50 [DEBUG] Initializing Chrome WebDriver
24-02-19 16:05:51 [INFO] Try to Login Through WebGUI
24-02-19 16:06:37 [INFO] Try to Login Through WebGUI
24-02-19 16:07:19 [ERROR] Error Occurred While Login Through WebGUI: catching classes that do not inherit from BaseException is not allowed
24-02-19 16:07:19 [INFO] Performing health check
24-02-19 16:07:19 [DEBUG] Retrieving Firmware Version.....
24-02-19 16:07:19 [DEBUG] Searching for the Keyword: 'WAN Information'
24-02-19 16:07:21 [DEBUG] Found and Clicked on the Result Containing 'WAN Information'
24-02-19 16:07:27 [INFO] Current firmware version: ARCNJIO_JIDU6101_D1.9.0
24-02-19 16:07:27 [DEBUG] Getting WAN IPv6 Information
24-02-19 16:07:27 [DEBUG] Searching for the Keyword: 'WAN Information'
24-02-19 16:07:28 [DEBUG] Found and Clicked on the Result Containing 'WAN Information'
24-02-19 16:07:35 [INFO] Successfully retrieved WAN IPv6 address: 2409:4090:17:1000:cf56:c63:de5c:c84d, 2409:4090:17:1208::/64
24-02-19 16:07:35 [DEBUG] Checking Ping 4 to google.com
24-02-19 16:07:54 [DEBUG]     Packets: Sent = 20, Received = 20, Lost = 0 (0% loss),
24-02-19 16:07:54 [INFO] Ping 4 Passed
24-02-19 16:07:54 [DEBUG] Checking Ping 6 to google.com
24-02-19 16:08:13 [DEBUG]     Packets: Sent = 20, Received = 20, Lost = 0 (0% loss),
24-02-19 16:08:13 [INFO] Ping 6 Passed
24-02-19 16:08:13 [INFO] Device health check completed successfully.
24-02-19 16:08:13 [DEBUG] Searching for the Keyword: 'User Management'
24-02-19 16:08:14 [DEBUG] Found and Clicked on the Result Containing 'User Management'
24-02-19 16:09:12 [DEBUG] Searching for the Keyword: 'User Management'
24-02-19 16:09:14 [DEBUG] Found and Clicked on the Result Containing 'User Management'
